TN:
SF:src/ai/policies/nathia.preClassifier.ts
FN:120,preClassifyMessage
FNF:1
FNH:0
FNDA:0,preClassifyMessage
DA:19,0
DA:55,0
DA:71,0
DA:87,0
DA:98,0
DA:121,0
DA:124,0
DA:125,0
DA:126,0
DA:135,0
DA:136,0
DA:137,0
DA:146,0
DA:147,0
DA:155,0
LF:15
LH:0
BRDA:125,0,0,0
BRDA:125,0,1,0
BRDA:136,1,0,0
BRDA:136,1,1,0
BRDA:146,2,0,0
BRDA:146,2,1,0
BRDA:146,3,0,0
BRDA:146,3,1,0
BRF:8
BRH:0
end_of_record
TN:
SF:src/api/ai-service.ts
FN:49,detectCrisis
FN:51,(anonymous_1)
FN:72,getNathIAResponse
FN:109,(anonymous_3)
FN:156,(anonymous_4)
FN:222,estimateTokens
FN:223,(anonymous_6)
FN:231,detectMedicalQuestion
FN:256,(anonymous_8)
FN:262,imageUriToBase64
FN:281,(anonymous_10)
FN:282,(anonymous_11)
FNF:12
FNH:0
FNDA:0,detectCrisis
FNDA:0,(anonymous_1)
FNDA:0,getNathIAResponse
FNDA:0,(anonymous_3)
FNDA:0,(anonymous_4)
FNDA:0,estimateTokens
FNDA:0,(anonymous_6)
FNDA:0,detectMedicalQuestion
FNDA:0,(anonymous_8)
FNDA:0,imageUriToBase64
FNDA:0,(anonymous_10)
FNDA:0,(anonymous_11)
DA:19,0
DA:36,0
DA:50,0
DA:51,0
DA:76,0
DA:78,0
DA:79,0
DA:90,0
DA:92,0
DA:93,0
DA:105,0
DA:106,0
DA:109,0
DA:110,0
DA:112,0
DA:114,0
DA:115,0
DA:116,0
DA:118,0
DA:119,0
DA:121,0
DA:122,0
DA:123,0
DA:125,0
DA:130,0
DA:138,0
DA:157,0
DA:159,0
DA:165,0
DA:171,0
DA:174,0
DA:175,0
DA:184,0
DA:190,0
DA:191,0
DA:194,0
DA:204,0
DA:205,0
DA:209,0
DA:223,0
DA:224,0
DA:232,0
DA:255,0
DA:256,0
DA:265,0
DA:267,0
DA:268,0
DA:269,0
DA:270,0
DA:277,0
DA:278,0
DA:279,0
DA:281,0
DA:282,0
DA:283,0
DA:284,0
DA:285,0
DA:286,0
DA:287,0
DA:289,0
DA:294,0
DA:295,0
DA:298,0
DA:299,0
LF:64
LH:0
BRDA:74,0,0,0
BRDA:78,1,0,0
BRDA:78,1,1,0
BRDA:92,2,0,0
BRDA:92,2,1,0
BRDA:110,3,0,0
BRDA:110,3,1,0
BRDA:110,3,2,0
BRDA:112,4,0,0
BRDA:112,4,1,0
BRDA:116,5,0,0
BRDA:116,5,1,0
BRDA:119,6,0,0
BRDA:119,6,1,0
BRDA:123,7,0,0
BRDA:123,7,1,0
BRDA:123,8,0,0
BRDA:123,8,1,0
BRDA:134,9,0,0
BRDA:134,9,1,0
BRDA:157,10,0,0
BRDA:157,10,1,0
BRDA:174,11,0,0
BRDA:174,11,1,0
BRDA:174,12,0,0
BRDA:174,12,1,0
BRDA:174,12,2,0
BRDA:190,13,0,0
BRDA:190,13,1,0
BRDA:204,14,0,0
BRDA:204,14,1,0
BRDA:267,15,0,0
BRDA:267,15,1,0
BRDA:269,16,0,0
BRDA:269,16,1,0
BRDA:285,17,0,0
BRDA:285,17,1,0
BRF:37
BRH:0
end_of_record
TN:
SF:src/api/auth.ts
FN:18,checkSupabase
FN:25,getEmailRedirectUri
FN:42,signUp
FN:67,signIn
FN:99,signInWithMagicLink
FN:121,signOut
FN:147,getCurrentUser
FN:167,getSession
FN:187,resetPassword
FN:206,updatePassword
FN:225,onAuthStateChange
FN:229,(anonymous_11)
FN:269,deleteAccount
FNF:13
FNH:2
FNDA:1,checkSupabase
FNDA:0,getEmailRedirectUri
FNDA:0,signUp
FNDA:0,signIn
FNDA:0,signInWithMagicLink
FNDA:0,signOut
FNDA:0,getCurrentUser
FNDA:0,getSession
FNDA:0,resetPassword
FNDA:0,updatePassword
FNDA:1,onAuthStateChange
FNDA:0,(anonymous_11)
FNDA:0,deleteAccount
DA:19,1
DA:20,1
DA:22,0
DA:26,0
DA:27,0
DA:28,0
DA:31,0
DA:36,0
DA:43,0
DA:44,0
DA:45,0
DA:55,0
DA:57,0
DA:59,0
DA:60,0
DA:68,0
DA:69,0
DA:70,0
DA:75,0
DA:78,0
DA:79,0
DA:80,0
DA:81,0
DA:83,0
DA:89,0
DA:91,0
DA:92,0
DA:100,0
DA:101,0
DA:102,0
DA:109,0
DA:111,0
DA:113,0
DA:114,0
DA:122,0
DA:123,0
DA:126,0
DA:127,0
DA:128,0
DA:130,0
DA:135,0
DA:136,0
DA:137,0
DA:139,0
DA:140,0
DA:148,0
DA:149,0
DA:153,0
DA:155,0
DA:157,0
DA:159,0
DA:160,0
DA:168,0
DA:169,0
DA:173,0
DA:175,0
DA:177,0
DA:179,0
DA:180,0
DA:188,0
DA:189,0
DA:190,0
DA:194,0
DA:196,0
DA:198,0
DA:199,0
DA:207,0
DA:208,0
DA:209,0
DA:213,0
DA:215,0
DA:217,0
DA:218,0
DA:226,1
DA:229,0
DA:230,0
DA:231,0
DA:232,0
DA:238,0
DA:242,0
DA:270,0
DA:271,0
DA:277,0
DA:279,0
DA:280,0
DA:287,0
DA:288,0
DA:289,0
DA:296,0
DA:311,0
DA:313,0
DA:314,0
DA:315,0
DA:322,0
DA:323,0
DA:324,0
DA:326,0
DA:332,0
DA:334,0
DA:338,0
DA:344,0
DA:345,0
LF:102
LH:3
BRDA:19,0,0,1
BRDA:19,0,1,0
BRDA:26,1,0,0
BRDA:26,1,1,0
BRDA:27,2,0,0
BRDA:27,2,1,0
BRDA:36,3,0,0
BRDA:36,3,1,0
BRDA:55,4,0,0
BRDA:55,4,1,0
BRDA:75,5,0,0
BRDA:75,5,1,0
BRDA:78,6,0,0
BRDA:78,6,1,0
BRDA:84,7,0,0
BRDA:84,7,1,0
BRDA:109,8,0,0
BRDA:109,8,1,0
BRDA:131,9,0,0
BRDA:131,9,1,0
BRDA:136,10,0,0
BRDA:136,10,1,0
BRDA:155,11,0,0
BRDA:155,11,1,0
BRDA:175,12,0,0
BRDA:175,12,1,0
BRDA:194,13,0,0
BRDA:194,13,1,0
BRDA:213,14,0,0
BRDA:213,14,1,0
BRDA:231,15,0,0
BRDA:231,15,1,0
BRDA:234,16,0,0
BRDA:234,16,1,0
BRDA:279,17,0,0
BRDA:279,17,1,0
BRDA:279,18,0,0
BRDA:279,18,1,0
BRDA:288,19,0,0
BRDA:288,19,1,0
BRDA:313,20,0,0
BRDA:313,20,1,0
BRDA:314,21,0,0
BRDA:314,21,1,0
BRDA:317,22,0,0
BRDA:317,22,1,0
BRDA:327,23,0,0
BRDA:327,23,1,0
BRDA:347,24,0,0
BRDA:347,24,1,0
BRF:50
BRH:1
end_of_record
TN:
SF:src/api/community.ts
FN:17,checkSupabase
FN:29,mapModerationStatus
FN:68,mapSupabasePostToAppPost
FN:89,fetchPosts
FN:164,(anonymous_4)
FN:190,(anonymous_5)
FN:196,(anonymous_6)
FN:209,createPost
FN:298,togglePostLike
FN:388,deletePost
FNF:10
FNH:0
FNDA:0,checkSupabase
FNDA:0,mapModerationStatus
FNDA:0,mapSupabasePostToAppPost
FNDA:0,fetchPosts
FNDA:0,(anonymous_4)
FNDA:0,(anonymous_5)
FNDA:0,(anonymous_6)
FNDA:0,createPost
FNDA:0,togglePostLike
FNDA:0,deletePost
DA:18,0
DA:19,0
DA:23,0
DA:32,0
DA:34,0
DA:36,0
DA:38,0
DA:40,0
DA:69,0
DA:93,0
DA:94,0
DA:99,0
DA:103,0
DA:132,0
DA:157,0
DA:158,0
DA:162,0
DA:163,0
DA:164,0
DA:165,0
DA:184,0
DA:189,0
DA:190,0
DA:196,0
DA:198,0
DA:200,0
DA:201,0
DA:202,0
DA:214,0
DA:215,0
DA:220,0
DA:221,0
DA:222,0
DA:225,0
DA:228,0
DA:247,0
DA:276,0
DA:277,0
DA:280,0
DA:281,0
DA:285,0
DA:287,0
DA:289,0
DA:290,0
DA:291,0
DA:301,0
DA:302,0
DA:307,0
DA:308,0
DA:309,0
DA:312,0
DA:315,0
DA:352,0
DA:358,0
DA:360,0
DA:362,0
DA:363,0
DA:365,0
DA:368,0
DA:373,0
DA:374,0
DA:376,0
DA:379,0
DA:380,0
DA:381,0
DA:389,0
DA:390,0
DA:395,0
DA:396,0
DA:397,0
DA:401,0
DA:419,0
DA:427,0
DA:428,0
DA:431,0
DA:433,0
DA:434,0
DA:435,0
LF:78
LH:0
BRDA:18,0,0,0
BRDA:18,0,1,0
BRDA:32,1,0,0
BRDA:32,1,1,0
BRDA:32,1,2,0
BRDA:32,1,3,0
BRDA:72,2,0,0
BRDA:72,2,1,0
BRDA:73,3,0,0
BRDA:73,3,1,0
BRDA:75,4,0,0
BRDA:75,4,1,0
BRDA:79,5,0,0
BRDA:79,5,1,0
BRDA:80,6,0,0
BRDA:80,6,1,0
BRDA:82,7,0,0
BRDA:82,7,1,0
BRDA:90,8,0,0
BRDA:91,9,0,0
BRDA:157,10,0,0
BRDA:157,10,1,0
BRDA:163,11,0,0
BRDA:163,11,1,0
BRDA:163,12,0,0
BRDA:163,12,1,0
BRDA:163,12,2,0
BRDA:189,13,0,0
BRDA:189,13,1,0
BRDA:189,14,0,0
BRDA:189,14,1,0
BRDA:196,15,0,0
BRDA:196,15,1,0
BRDA:200,16,0,0
BRDA:200,16,1,0
BRDA:221,17,0,0
BRDA:221,17,1,0
BRDA:251,18,0,0
BRDA:251,18,1,0
BRDA:252,19,0,0
BRDA:252,19,1,0
BRDA:253,20,0,0
BRDA:253,20,1,0
BRDA:276,21,0,0
BRDA:276,21,1,0
BRDA:280,22,0,0
BRDA:280,22,1,0
BRDA:289,23,0,0
BRDA:289,23,1,0
BRDA:308,24,0,0
BRDA:308,24,1,0
BRDA:358,25,0,0
BRDA:358,25,1,0
BRDA:362,26,0,0
BRDA:362,26,1,0
BRDA:373,27,0,0
BRDA:373,27,1,0
BRDA:379,28,0,0
BRDA:379,28,1,0
BRDA:396,29,0,0
BRDA:396,29,1,0
BRDA:427,30,0,0
BRDA:427,30,1,0
BRDA:433,31,0,0
BRDA:433,31,1,0
BRF:65
BRH:0
end_of_record
TN:
SF:src/api/database.ts
FN:19,checkSupabase
FN:30,createUserProfile
FN:47,getUserProfile
FN:64,updateUserProfile
FN:86,createPost
FN:103,getPosts
FN:122,getPost
FN:139,deletePost
FN:156,createComment
FN:177,getPostComments
FN:198,likePost
FN:219,unlikePost
FN:240,checkIfUserLikedPost
FN:262,createHabit
FN:279,getUserHabits
FN:296,updateHabit
FN:314,deleteHabit
FN:327,completeHabit
FN:352,uncompleteHabit
FN:369,getHabitCompletions
FNF:20
FNH:0
FNDA:0,checkSupabase
FNDA:0,createUserProfile
FNDA:0,getUserProfile
FNDA:0,updateUserProfile
FNDA:0,createPost
FNDA:0,getPosts
FNDA:0,getPost
FNDA:0,deletePost
FNDA:0,createComment
FNDA:0,getPostComments
FNDA:0,likePost
FNDA:0,unlikePost
FNDA:0,checkIfUserLikedPost
FNDA:0,createHabit
FNDA:0,getUserHabits
FNDA:0,updateHabit
FNDA:0,deleteHabit
FNDA:0,completeHabit
FNDA:0,uncompleteHabit
FNDA:0,getHabitCompletions
DA:20,0
DA:21,0
DA:23,0
DA:31,0
DA:32,0
DA:33,0
DA:39,0
DA:40,0
DA:42,0
DA:43,0
DA:48,0
DA:49,0
DA:50,0
DA:56,0
DA:57,0
DA:59,0
DA:60,0
DA:65,0
DA:66,0
DA:67,0
DA:74,0
DA:75,0
DA:77,0
DA:78,0
DA:87,0
DA:88,0
DA:89,0
DA:95,0
DA:96,0
DA:98,0
DA:99,0
DA:104,0
DA:105,0
DA:106,0
DA:108,0
DA:109,0
DA:112,0
DA:114,0
DA:115,0
DA:117,0
DA:118,0
DA:123,0
DA:124,0
DA:125,0
DA:131,0
DA:132,0
DA:134,0
DA:135,0
DA:140,0
DA:141,0
DA:142,0
DA:144,0
DA:145,0
DA:147,0
DA:148,0
DA:157,0
DA:158,0
DA:159,0
DA:165,0
DA:168,0
DA:170,0
DA:172,0
DA:173,0
DA:178,0
DA:179,0
DA:180,0
DA:186,0
DA:187,0
DA:189,0
DA:190,0
DA:199,0
DA:200,0
DA:201,0
DA:207,0
DA:210,0
DA:212,0
DA:214,0
DA:215,0
DA:220,0
DA:221,0
DA:222,0
DA:228,0
DA:231,0
DA:233,0
DA:235,0
DA:236,0
DA:241,0
DA:242,0
DA:243,0
DA:250,0
DA:251,0
DA:253,0
DA:254,0
DA:263,0
DA:264,0
DA:265,0
DA:271,0
DA:272,0
DA:274,0
DA:275,0
DA:280,0
DA:281,0
DA:282,0
DA:288,0
DA:289,0
DA:291,0
DA:292,0
DA:297,0
DA:298,0
DA:299,0
DA:306,0
DA:307,0
DA:309,0
DA:310,0
DA:315,0
DA:316,0
DA:317,0
DA:319,0
DA:320,0
DA:322,0
DA:323,0
DA:332,0
DA:333,0
DA:334,0
DA:344,0
DA:345,0
DA:347,0
DA:348,0
DA:353,0
DA:354,0
DA:355,0
DA:361,0
DA:362,0
DA:364,0
DA:365,0
DA:370,0
DA:371,0
DA:372,0
DA:378,0
DA:379,0
DA:381,0
DA:382,0
LF:142
LH:0
BRDA:20,0,0,0
BRDA:20,0,1,0
BRDA:39,1,0,0
BRDA:39,1,1,0
BRDA:56,2,0,0
BRDA:56,2,1,0
BRDA:74,3,0,0
BRDA:74,3,1,0
BRDA:95,4,0,0
BRDA:95,4,1,0
BRDA:108,5,0,0
BRDA:108,5,1,0
BRDA:108,6,0,0
BRDA:108,6,1,0
BRDA:114,7,0,0
BRDA:114,7,1,0
BRDA:131,8,0,0
BRDA:131,8,1,0
BRDA:144,9,0,0
BRDA:144,9,1,0
BRDA:165,10,0,0
BRDA:165,10,1,0
BRDA:186,11,0,0
BRDA:186,11,1,0
BRDA:207,12,0,0
BRDA:207,12,1,0
BRDA:228,13,0,0
BRDA:228,13,1,0
BRDA:250,14,0,0
BRDA:250,14,1,0
BRDA:250,15,0,0
BRDA:250,15,1,0
BRDA:271,16,0,0
BRDA:271,16,1,0
BRDA:288,17,0,0
BRDA:288,17,1,0
BRDA:306,18,0,0
BRDA:306,18,1,0
BRDA:319,19,0,0
BRDA:319,19,1,0
BRDA:344,20,0,0
BRDA:344,20,1,0
BRDA:361,21,0,0
BRDA:361,21,1,0
BRDA:378,22,0,0
BRDA:378,22,1,0
BRF:46
BRH:0
end_of_record
TN:
SF:src/api/elevenlabs.ts
FN:63,isElevenLabsConfigured
FN:77,generateSpeech
FN:161,(anonymous_2)
FN:230,playAudio
FN:259,stopAudio
FN:281,cleanupAudioCache
FN:287,(anonymous_6)
FNF:7
FNH:0
FNDA:0,isElevenLabsConfigured
FNDA:0,generateSpeech
FNDA:0,(anonymous_2)
FNDA:0,playAudio
FNDA:0,stopAudio
FNDA:0,cleanupAudioCache
FNDA:0,(anonymous_6)
DA:22,0
DA:25,0
DA:29,0
DA:37,0
DA:65,0
DA:78,0
DA:81,0
DA:82,0
DA:91,0
DA:92,0
DA:102,0
DA:103,0
DA:104,0
DA:113,0
DA:115,0
DA:120,0
DA:122,0
DA:123,0
DA:135,0
DA:137,0
DA:138,0
DA:148,0
DA:160,0
DA:161,0
DA:162,0
DA:171,0
DA:173,0
DA:174,0
DA:183,0
DA:186,0
DA:187,0
DA:196,0
DA:197,0
DA:199,0
DA:203,0
DA:209,0
DA:212,0
DA:231,0
DA:233,0
DA:240,0
DA:241,0
DA:243,0
DA:245,0
DA:247,0
DA:252,0
DA:260,0
DA:262,0
DA:263,0
DA:264,0
DA:265,0
DA:268,0
DA:282,0
DA:283,0
DA:284,0
DA:286,0
DA:287,0
DA:289,0
DA:290,0
DA:291,0
DA:292,0
DA:293,0
DA:296,0
DA:303,0
DA:307,0
DA:309,0
DA:314,0
LF:66
LH:0
BRDA:22,0,0,0
BRDA:22,0,1,0
BRDA:65,1,0,0
BRDA:65,1,1,0
BRDA:78,2,0,0
BRDA:81,3,0,0
BRDA:81,3,1,0
BRDA:91,4,0,0
BRDA:91,4,1,0
BRDA:91,5,0,0
BRDA:91,5,1,0
BRDA:103,6,0,0
BRDA:103,6,1,0
BRDA:122,7,0,0
BRDA:122,7,1,0
BRDA:137,8,0,0
BRDA:137,8,1,0
BRDA:160,9,0,0
BRDA:160,9,1,0
BRDA:173,10,0,0
BRDA:173,10,1,0
BRDA:186,11,0,0
BRDA:186,11,1,0
BRDA:250,12,0,0
BRDA:250,12,1,0
BRDA:260,13,0,0
BRDA:260,13,1,0
BRDA:269,14,0,0
BRDA:269,14,1,0
BRDA:284,15,0,0
BRDA:284,15,1,0
BRDA:298,16,0,0
BRDA:298,16,1,0
BRDA:312,17,0,0
BRDA:312,17,1,0
BRF:35
BRH:0
end_of_record
TN:
SF:src/api/imgur.ts
FN:39,uploadImageToImgur
FN:156,uploadMultipleImagesToImgur
FN:175,(anonymous_2)
FN:182,(anonymous_3)
FNF:4
FNH:0
FNDA:0,uploadImageToImgur
FNDA:0,uploadMultipleImagesToImgur
FNDA:0,(anonymous_2)
FNDA:0,(anonymous_3)
DA:17,0
DA:40,0
DA:42,0
DA:43,0
DA:52,0
DA:54,0
DA:55,0
DA:65,0
DA:68,0
DA:69,0
DA:70,0
DA:72,0
DA:78,0
DA:84,0
DA:104,0
DA:107,0
DA:108,0
DA:117,0
DA:118,0
DA:127,0
DA:133,0
DA:136,0
DA:137,0
DA:141,0
DA:159,0
DA:160,0
DA:169,0
DA:170,0
DA:175,0
DA:176,0
DA:179,0
DA:180,0
DA:182,0
DA:183,0
DA:184,0
DA:187,0
DA:190,0
DA:198,0
DA:204,0
DA:205,0
DA:211,0
DA:212,0
DA:221,0
DA:224,0
DA:225,0
DA:229,0
LF:46
LH:0
BRDA:42,0,0,0
BRDA:42,0,1,0
BRDA:54,1,0,0
BRDA:54,1,1,0
BRDA:54,2,0,0
BRDA:54,2,1,0
BRDA:68,3,0,0
BRDA:68,3,1,0
BRDA:70,4,0,0
BRDA:70,4,1,0
BRDA:107,5,0,0
BRDA:107,5,1,0
BRDA:109,6,0,0
BRDA:109,6,1,0
BRDA:117,7,0,0
BRDA:117,7,1,0
BRDA:123,8,0,0
BRDA:123,8,1,0
BRDA:136,9,0,0
BRDA:136,9,1,0
BRDA:159,10,0,0
BRDA:159,10,1,0
BRDA:159,11,0,0
BRDA:159,11,1,0
BRDA:183,12,0,0
BRDA:183,12,1,0
BRDA:187,13,0,0
BRDA:187,13,1,0
BRDA:204,14,0,0
BRDA:204,14,1,0
BRDA:211,15,0,0
BRDA:211,15,1,0
BRDA:224,16,0,0
BRDA:224,16,1,0
BRF:34
BRH:0
end_of_record
TN:
SF:src/api/onboarding-service.ts
FN:49,getDateFieldForStage
FN:62,checkIsFounder
FN:72,saveOnboardingData
FN:126,getOnboardingData
FN:184,hasCompletedOnboarding
FNF:5
FNH:0
FNDA:0,getDateFieldForStage
FNDA:0,checkIsFounder
FNDA:0,saveOnboardingData
FNDA:0,getOnboardingData
FNDA:0,hasCompletedOnboarding
DA:50,0
DA:51,0
DA:53,0
DA:54,0
DA:56,0
DA:63,0
DA:64,0
DA:65,0
DA:66,0
DA:76,0
DA:77,0
DA:78,0
DA:79,0
DA:83,0
DA:84,0
DA:87,0
DA:101,0
DA:105,0
DA:109,0
DA:110,0
DA:111,0
DA:114,0
DA:115,0
DA:117,0
DA:118,0
DA:119,0
DA:129,0
DA:130,0
DA:131,0
DA:132,0
DA:135,0
DA:138,0
DA:144,0
DA:146,0
DA:147,0
DA:149,0
DA:150,0
DA:153,0
DA:154,0
DA:158,0
DA:159,0
DA:160,0
DA:162,0
DA:173,0
DA:175,0
DA:176,0
DA:177,0
DA:185,0
DA:186,0
LF:49
LH:0
BRDA:50,0,0,0
BRDA:50,0,1,0
BRDA:53,1,0,0
BRDA:53,1,1,0
BRDA:53,2,0,0
BRDA:53,2,1,0
BRDA:66,3,0,0
BRDA:66,3,1,0
BRDA:77,4,0,0
BRDA:77,4,1,0
BRDA:84,5,0,0
BRDA:84,5,1,0
BRDA:92,6,0,0
BRDA:92,6,1,0
BRDA:93,7,0,0
BRDA:93,7,1,0
BRDA:94,8,0,0
BRDA:94,8,1,0
BRDA:95,9,0,0
BRDA:95,9,1,0
BRDA:96,10,0,0
BRDA:96,10,1,0
BRDA:109,11,0,0
BRDA:109,11,1,0
BRDA:117,12,0,0
BRDA:117,12,1,0
BRDA:130,13,0,0
BRDA:130,13,1,0
BRDA:144,14,0,0
BRDA:144,14,1,0
BRDA:146,15,0,0
BRDA:146,15,1,0
BRDA:153,16,0,0
BRDA:153,16,1,0
BRDA:165,17,0,0
BRDA:165,17,1,0
BRDA:167,18,0,0
BRDA:167,18,1,0
BRDA:170,19,0,0
BRDA:170,19,1,0
BRDA:175,20,0,0
BRDA:175,20,1,0
BRF:42
BRH:0
end_of_record
TN:
SF:src/api/social-auth.ts
FN:38,getRedirectUri
FN:65,checkSupabase
FN:81,createSessionFromRedirect
FN:138,isOAuthNotConfiguredError
FN:157,(anonymous_4)
FN:166,signInWithGoogle
FN:369,signInWithApple
FN:400,signInWithAppleNative
FN:485,signInWithAppleOAuth
FN:671,signInWithFacebook
FN:864,isAppleSignInAvailable
FN:879,getProviderDisplayName
FNF:12
FNH:0
FNDA:0,getRedirectUri
FNDA:0,checkSupabase
FNDA:0,createSessionFromRedirect
FNDA:0,isOAuthNotConfiguredError
FNDA:0,(anonymous_4)
FNDA:0,signInWithGoogle
FNDA:0,signInWithApple
FNDA:0,signInWithAppleNative
FNDA:0,signInWithAppleOAuth
FNDA:0,signInWithFacebook
FNDA:0,isAppleSignInAvailable
FNDA:0,getProviderDisplayName
DA:21,0
DA:40,0
DA:41,0
DA:42,0
DA:48,0
DA:54,0
DA:55,0
DA:57,0
DA:60,0
DA:66,0
DA:67,0
DA:71,0
DA:82,0
DA:84,0
DA:85,0
DA:87,0
DA:88,0
DA:92,0
DA:93,0
DA:94,0
DA:96,0
DA:97,0
DA:98,0
DA:101,0
DA:105,0
DA:106,0
DA:108,0
DA:109,0
DA:110,0
DA:113,0
DA:114,0
DA:119,0
DA:120,0
DA:121,0
DA:124,0
DA:126,0
DA:131,0
DA:139,0
DA:141,0
DA:142,0
DA:145,0
DA:156,0
DA:157,0
DA:167,0
DA:168,0
DA:170,0
DA:176,0
DA:177,0
DA:188,0
DA:189,0
DA:190,0
DA:191,0
DA:197,0
DA:205,0
DA:212,0
DA:213,0
DA:215,0
DA:218,0
DA:227,0
DA:228,0
DA:231,0
DA:232,0
DA:235,0
DA:236,0
DA:242,0
DA:243,0
DA:248,0
DA:255,0
DA:256,0
DA:263,0
DA:269,0
DA:270,0
DA:279,0
DA:280,0
DA:284,0
DA:285,0
DA:291,0
DA:293,0
DA:294,0
DA:296,0
DA:297,0
DA:307,0
DA:309,0
DA:310,0
DA:316,0
DA:320,0
DA:330,0
DA:335,0
DA:343,0
DA:344,0
DA:350,0
DA:355,0
DA:356,0
DA:370,0
DA:371,0
DA:374,0
DA:375,0
DA:379,0
DA:380,0
DA:387,0
DA:389,0
DA:390,0
DA:403,0
DA:405,0
DA:406,0
DA:407,0
DA:413,0
DA:416,0
DA:423,0
DA:424,0
DA:431,0
DA:436,0
DA:437,0
DA:438,0
DA:444,0
DA:446,0
DA:450,0
DA:454,0
DA:465,0
DA:471,0
DA:472,0
DA:478,0
DA:488,0
DA:494,0
DA:495,0
DA:502,0
DA:503,0
DA:504,0
DA:505,0
DA:511,0
DA:517,0
DA:523,0
DA:524,0
DA:526,0
DA:528,0
DA:537,0
DA:538,0
DA:541,0
DA:542,0
DA:545,0
DA:546,0
DA:552,0
DA:553,0
DA:558,0
DA:565,0
DA:566,0
DA:573,0
DA:579,0
DA:580,0
DA:588,0
DA:589,0
DA:593,0
DA:594,0
DA:600,0
DA:602,0
DA:603,0
DA:605,0
DA:606,0
DA:616,0
DA:618,0
DA:619,0
DA:625,0
DA:629,0
DA:639,0
DA:644,0
DA:652,0
DA:653,0
DA:659,0
DA:672,0
DA:673,0
DA:675,0
DA:681,0
DA:682,0
DA:690,0
DA:691,0
DA:692,0
DA:693,0
DA:699,0
DA:705,0
DA:711,0
DA:712,0
DA:714,0
DA:716,0
DA:726,0
DA:727,0
DA:730,0
DA:731,0
DA:734,0
DA:735,0
DA:741,0
DA:742,0
DA:747,0
DA:754,0
DA:755,0
DA:762,0
DA:768,0
DA:769,0
DA:777,0
DA:778,0
DA:782,0
DA:783,0
DA:789,0
DA:791,0
DA:792,0
DA:794,0
DA:795,0
DA:805,0
DA:807,0
DA:808,0
DA:814,0
DA:818,0
DA:828,0
DA:833,0
DA:841,0
DA:842,0
DA:848,0
DA:853,0
DA:854,0
DA:865,0
DA:866,0
DA:869,0
DA:870,0
DA:872,0
DA:880,0
DA:885,0
LF:225
LH:0
BRDA:40,0,0,0
BRDA:40,0,1,0
BRDA:41,1,0,0
BRDA:41,1,1,0
BRDA:54,2,0,0
BRDA:54,2,1,0
BRDA:66,3,0,0
BRDA:66,3,1,0
BRDA:87,4,0,0
BRDA:87,4,1,0
BRDA:92,5,0,0
BRDA:92,5,1,0
BRDA:96,6,0,0
BRDA:96,6,1,0
BRDA:108,7,0,0
BRDA:108,7,1,0
BRDA:108,8,0,0
BRDA:108,8,1,0
BRDA:119,9,0,0
BRDA:119,9,1,0
BRDA:129,10,0,0
BRDA:129,10,1,0
BRDA:139,11,0,0
BRDA:139,11,1,0
BRDA:141,12,0,0
BRDA:141,12,1,0
BRDA:157,13,0,0
BRDA:157,13,1,0
BRDA:176,14,0,0
BRDA:176,14,1,0
BRDA:180,15,0,0
BRDA:180,15,1,0
BRDA:188,16,0,0
BRDA:188,16,1,0
BRDA:190,17,0,0
BRDA:190,17,1,0
BRDA:190,18,0,0
BRDA:190,18,1,0
BRDA:199,19,0,0
BRDA:199,19,1,0
BRDA:235,20,0,0
BRDA:235,20,1,0
BRDA:238,21,0,0
BRDA:238,21,1,0
BRDA:242,22,0,0
BRDA:242,22,1,0
BRDA:243,23,0,0
BRDA:243,23,1,0
BRDA:244,24,0,0
BRDA:244,24,1,0
BRDA:244,24,2,0
BRDA:255,25,0,0
BRDA:255,25,1,0
BRDA:255,26,0,0
BRDA:255,26,1,0
BRDA:269,27,0,0
BRDA:269,27,1,0
BRDA:269,28,0,0
BRDA:269,28,1,0
BRDA:291,29,0,0
BRDA:291,29,1,0
BRDA:291,30,0,0
BRDA:291,30,1,0
BRDA:296,31,0,0
BRDA:296,31,1,0
BRDA:309,32,0,0
BRDA:309,32,1,0
BRDA:309,33,0,0
BRDA:309,33,1,0
BRDA:312,34,0,0
BRDA:312,34,1,0
BRDA:324,35,0,0
BRDA:324,35,1,0
BRDA:325,36,0,0
BRDA:325,36,1,0
BRDA:326,37,0,0
BRDA:326,37,1,0
BRDA:333,38,0,0
BRDA:333,38,1,0
BRDA:338,39,0,0
BRDA:338,39,1,0
BRDA:343,40,0,0
BRDA:343,40,1,0
BRDA:358,41,0,0
BRDA:358,41,1,0
BRDA:374,42,0,0
BRDA:374,42,1,0
BRDA:374,43,0,0
BRDA:374,43,1,0
BRDA:379,44,0,0
BRDA:379,44,1,0
BRDA:379,45,0,0
BRDA:379,45,1,0
BRDA:392,46,0,0
BRDA:392,46,1,0
BRDA:406,47,0,0
BRDA:406,47,1,0
BRDA:423,48,0,0
BRDA:423,48,1,0
BRDA:436,49,0,0
BRDA:436,49,1,0
BRDA:444,50,0,0
BRDA:444,50,1,0
BRDA:446,51,0,0
BRDA:446,51,1,0
BRDA:447,52,0,0
BRDA:447,52,1,0
BRDA:447,53,0,0
BRDA:447,53,1,0
BRDA:458,54,0,0
BRDA:458,54,1,0
BRDA:458,54,2,0
BRDA:459,55,0,0
BRDA:459,55,1,0
BRDA:471,56,0,0
BRDA:471,56,1,0
BRDA:471,57,0,0
BRDA:471,57,1,0
BRDA:494,58,0,0
BRDA:494,58,1,0
BRDA:498,59,0,0
BRDA:498,59,1,0
BRDA:502,60,0,0
BRDA:502,60,1,0
BRDA:504,61,0,0
BRDA:504,61,1,0
BRDA:504,62,0,0
BRDA:504,62,1,0
BRDA:513,63,0,0
BRDA:513,63,1,0
BRDA:545,64,0,0
BRDA:545,64,1,0
BRDA:548,65,0,0
BRDA:548,65,1,0
BRDA:552,66,0,0
BRDA:552,66,1,0
BRDA:553,67,0,0
BRDA:553,67,1,0
BRDA:554,68,0,0
BRDA:554,68,1,0
BRDA:554,68,2,0
BRDA:565,69,0,0
BRDA:565,69,1,0
BRDA:565,70,0,0
BRDA:565,70,1,0
BRDA:579,71,0,0
BRDA:579,71,1,0
BRDA:579,72,0,0
BRDA:579,72,1,0
BRDA:600,73,0,0
BRDA:600,73,1,0
BRDA:600,74,0,0
BRDA:600,74,1,0
BRDA:605,75,0,0
BRDA:605,75,1,0
BRDA:618,76,0,0
BRDA:618,76,1,0
BRDA:618,77,0,0
BRDA:618,77,1,0
BRDA:621,78,0,0
BRDA:621,78,1,0
BRDA:633,79,0,0
BRDA:633,79,1,0
BRDA:642,80,0,0
BRDA:642,80,1,0
BRDA:647,81,0,0
BRDA:647,81,1,0
BRDA:652,82,0,0
BRDA:652,82,1,0
BRDA:681,83,0,0
BRDA:681,83,1,0
BRDA:685,84,0,0
BRDA:685,84,1,0
BRDA:690,85,0,0
BRDA:690,85,1,0
BRDA:692,86,0,0
BRDA:692,86,1,0
BRDA:692,87,0,0
BRDA:692,87,1,0
BRDA:701,88,0,0
BRDA:701,88,1,0
BRDA:734,89,0,0
BRDA:734,89,1,0
BRDA:737,90,0,0
BRDA:737,90,1,0
BRDA:741,91,0,0
BRDA:741,91,1,0
BRDA:742,92,0,0
BRDA:742,92,1,0
BRDA:743,93,0,0
BRDA:743,93,1,0
BRDA:743,93,2,0
BRDA:754,94,0,0
BRDA:754,94,1,0
BRDA:754,95,0,0
BRDA:754,95,1,0
BRDA:768,96,0,0
BRDA:768,96,1,0
BRDA:768,97,0,0
BRDA:768,97,1,0
BRDA:789,98,0,0
BRDA:789,98,1,0
BRDA:789,99,0,0
BRDA:789,99,1,0
BRDA:794,100,0,0
BRDA:794,100,1,0
BRDA:807,101,0,0
BRDA:807,101,1,0
BRDA:807,102,0,0
BRDA:807,102,1,0
BRDA:810,103,0,0
BRDA:810,103,1,0
BRDA:822,104,0,0
BRDA:822,104,1,0
BRDA:823,105,0,0
BRDA:823,105,1,0
BRDA:824,106,0,0
BRDA:824,106,1,0
BRDA:831,107,0,0
BRDA:831,107,1,0
BRDA:836,108,0,0
BRDA:836,108,1,0
BRDA:841,109,0,0
BRDA:841,109,1,0
BRDA:856,110,0,0
BRDA:856,110,1,0
BRDA:865,111,0,0
BRDA:865,111,1,0
BRF:228
BRH:0
end_of_record
TN:
SF:src/api/supabase.ts
FNF:0
FNH:0
DA:32,1
DA:33,1
DA:36,1
DA:38,1
DA:39,0
LF:5
LH:4
BRDA:38,0,0,0
BRDA:38,0,1,1
BRDA:38,1,0,1
BRDA:38,1,1,0
BRF:4
BRH:2
end_of_record
TN:
SF:src/components/CommunityComposer.tsx
FN:54,(anonymous_0)
FN:79,CommunityComposer
FN:85,(anonymous_2)
FN:88,(anonymous_3)
FN:90,(anonymous_4)
FN:96,(anonymous_5)
FN:101,(anonymous_6)
FN:133,(anonymous_7)
FN:140,(anonymous_8)
FN:170,(anonymous_9)
FN:215,(anonymous_10)
FN:218,(anonymous_11)
FN:277,(anonymous_12)
FN:280,(anonymous_13)
FNF:14
FNH:0
FNDA:0,(anonymous_0)
FNDA:0,CommunityComposer
FNDA:0,(anonymous_2)
FNDA:0,(anonymous_3)
FNDA:0,(anonymous_4)
FNDA:0,(anonymous_5)
FNDA:0,(anonymous_6)
FNDA:0,(anonymous_7)
FNDA:0,(anonymous_8)
FNDA:0,(anonymous_9)
FNDA:0,(anonymous_10)
FNDA:0,(anonymous_11)
FNDA:0,(anonymous_12)
FNDA:0,(anonymous_13)
DA:15,0
DA:54,0
DA:55,0
DA:56,0
DA:80,0
DA:81,0
DA:82,0
DA:83,0
DA:84,0
DA:85,0
DA:86,0
DA:87,0
DA:88,0
DA:90,0
DA:91,0
DA:92,0
DA:93,0
DA:96,0
DA:97,0
DA:98,0
DA:101,0
DA:102,0
DA:104,0
DA:107,0
DA:109,0
DA:110,0
DA:111,0
DA:112,0
DA:115,0
DA:116,0
DA:117,0
DA:118,0
DA:119,0
DA:120,0
DA:122,0
DA:127,0
DA:129,0
DA:133,0
DA:134,0
DA:135,0
DA:136,0
DA:137,0
DA:140,0
DA:141,0
DA:143,0
DA:144,0
DA:145,0
DA:146,0
DA:147,0
DA:150,0
DA:157,0
DA:158,0
DA:161,0
DA:166,0
DA:170,0
DA:171,0
DA:174,0
DA:175,0
DA:216,0
DA:219,0
DA:220,0
DA:243,0
DA:278,0
DA:280,0
LF:64
LH:0
BRDA:55,0,0,0
BRDA:55,0,1,0
BRDA:61,1,0,0
BRDA:61,1,1,0
BRDA:66,2,0,0
BRDA:66,2,1,0
BRDA:70,3,0,0
BRDA:70,3,1,0
BRDA:98,4,0,0
BRDA:98,4,1,0
BRDA:102,5,0,0
BRDA:102,5,1,0
BRDA:102,6,0,0
BRDA:102,6,1,0
BRDA:109,7,0,0
BRDA:109,7,1,0
BRDA:116,8,0,0
BRDA:116,8,1,0
BRDA:125,9,0,0
BRDA:125,9,1,0
BRDA:145,10,0,0
BRDA:145,10,1,0
BRDA:157,11,0,0
BRDA:157,11,1,0
BRDA:157,12,0,0
BRDA:157,12,1,0
BRDA:164,13,0,0
BRDA:164,13,1,0
BRDA:174,14,0,0
BRDA:174,14,1,0
BRDA:189,15,0,0
BRDA:189,15,1,0
BRDA:259,16,0,0
BRDA:259,16,1,0
BRDA:284,17,0,0
BRDA:284,17,1,0
BRDA:294,18,0,0
BRDA:294,18,1,0
BRDA:324,19,0,0
BRDA:324,19,1,0
BRDA:382,20,0,0
BRDA:382,20,1,0
BRDA:382,20,2,0
BRDA:385,21,0,0
BRDA:385,21,1,0
BRDA:385,22,0,0
BRDA:385,22,1,0
BRDA:385,22,2,0
BRDA:395,23,0,0
BRDA:395,23,1,0
BRDA:417,24,0,0
BRDA:417,24,1,0
BRDA:417,25,0,0
BRDA:417,25,1,0
BRDA:431,26,0,0
BRDA:431,26,1,0
BRDA:431,27,0,0
BRDA:431,27,1,0
BRF:58
BRH:0
end_of_record
TN:
SF:src/components/DailyCheckIn.tsx
FN:44,(anonymous_0)
FN:74,DailyCheckIn
FN:78,(anonymous_2)
FN:80,(anonymous_3)
FN:81,(anonymous_4)
FN:82,(anonymous_5)
FN:83,(anonymous_6)
FN:86,(anonymous_7)
FN:87,(anonymous_8)
FN:92,(anonymous_9)
FN:98,(anonymous_10)
FN:110,(anonymous_11)
FN:117,(anonymous_12)
FN:130,(anonymous_13)
FN:143,(anonymous_14)
FN:176,(anonymous_15)
FN:177,(anonymous_16)
FN:178,(anonymous_17)
FN:254,(anonymous_18)
FN:272,(anonymous_19)
FN:330,(anonymous_20)
FN:336,(anonymous_21)
FNF:22
FNH:0
FNDA:0,(anonymous_0)
FNDA:0,DailyCheckIn
FNDA:0,(anonymous_2)
FNDA:0,(anonymous_3)
FNDA:0,(anonymous_4)
FNDA:0,(anonymous_5)
FNDA:0,(anonymous_6)
FNDA:0,(anonymous_7)
FNDA:0,(anonymous_8)
FNDA:0,(anonymous_9)
FNDA:0,(anonymous_10)
FNDA:0,(anonymous_11)
FNDA:0,(anonymous_12)
FNDA:0,(anonymous_13)
FNDA:0,(anonymous_14)
FNDA:0,(anonymous_15)
FNDA:0,(anonymous_16)
FNDA:0,(anonymous_17)
FNDA:0,(anonymous_18)
FNDA:0,(anonymous_19)
FNDA:0,(anonymous_20)
FNDA:0,(anonymous_21)
DA:10,0
DA:18,0
DA:26,0
DA:44,0
DA:75,0
DA:76,0
DA:77,0
DA:78,0
DA:80,0
DA:81,0
DA:82,0
DA:83,0
DA:85,0
DA:86,0
DA:87,0
DA:90,0
DA:92,0
DA:93,0
DA:94,0
DA:95,0
DA:98,0
DA:99,0
DA:101,0
DA:102,0
DA:103,0
DA:104,0
DA:105,0
DA:106,0
DA:107,0
DA:108,0
DA:109,0
DA:110,0
DA:111,0
DA:112,0
DA:117,0
DA:118,0
DA:120,0
DA:122,0
DA:124,0
DA:126,0
DA:130,0
DA:131,0
DA:133,0
DA:135,0
DA:137,0
DA:139,0
DA:143,0
DA:144,0
DA:145,0
DA:176,0
DA:177,0
DA:178,0
DA:187,0
DA:228,0
DA:254,0
DA:273,0
DA:331,0
DA:336,0
LF:58
LH:0
BRDA:46,0,0,0
BRDA:46,0,1,0
BRDA:47,1,0,0
BRDA:47,1,1,0
BRDA:49,2,0,0
BRDA:49,2,1,0
BRDA:50,3,0,0
BRDA:50,3,1,0
BRDA:52,4,0,0
BRDA:52,4,1,0
BRDA:53,5,0,0
BRDA:53,5,1,0
BRDA:55,6,0,0
BRDA:55,6,1,0
BRDA:56,7,0,0
BRDA:56,7,1,0
BRDA:57,8,0,0
BRDA:57,8,1,0
BRDA:59,9,0,0
BRDA:59,9,1,0
BRDA:61,10,0,0
BRDA:61,10,1,0
BRDA:66,11,0,0
BRDA:66,11,1,0
BRDA:68,12,0,0
BRDA:68,12,1,0
BRDA:71,13,0,0
BRDA:71,13,1,0
BRDA:90,14,0,0
BRDA:90,14,1,0
BRDA:90,14,2,0
BRDA:101,15,0,0
BRDA:101,15,1,0
BRDA:104,16,0,0
BRDA:104,16,1,0
BRDA:107,17,0,0
BRDA:107,17,1,0
BRDA:118,18,0,0
BRDA:118,18,1,0
BRDA:118,18,2,0
BRDA:118,18,3,0
BRDA:131,19,0,0
BRDA:131,19,1,0
BRDA:131,19,2,0
BRDA:131,19,3,0
BRDA:144,20,0,0
BRDA:144,20,1,0
BRDA:280,21,0,0
BRDA:280,21,1,0
BRDA:282,22,0,0
BRDA:282,22,1,0
BRDA:285,23,0,0
BRDA:285,23,1,0
BRDA:306,24,0,0
BRDA:306,24,1,0
BRF:55
BRH:0
end_of_record
TN:
SF:src/components/ErrorBoundary.tsx
FN:22,ErrorFallbackUI
FN:112,(anonymous_1)
FN:136,(anonymous_2)
FN:145,(anonymous_3)
FN:149,(anonymous_4)
FN:161,(anonymous_5)
FN:169,(anonymous_6)
FNF:7
FNH:0
FNDA:0,ErrorFallbackUI
FNDA:0,(anonymous_1)
FNDA:0,(anonymous_2)
FNDA:0,(anonymous_3)
FNDA:0,(anonymous_4)
FNDA:0,(anonymous_5)
FNDA:0,(anonymous_6)
DA:31,0
DA:32,0
DA:35,0
DA:36,0
DA:37,0
DA:38,0
DA:39,0
DA:40,0
DA:42,0
DA:112,0
DA:137,0
DA:138,0
DA:146,0
DA:150,0
DA:155,0
DA:161,0
DA:162,0
DA:170,0
DA:171,0
DA:172,0
DA:175,0
DA:184,0
LF:22
LH:0
BRDA:35,0,0,0
BRDA:35,0,1,0
BRDA:37,1,0,0
BRDA:37,1,1,0
BRDA:38,2,0,0
BRDA:38,2,1,0
BRDA:77,3,0,0
BRDA:77,3,1,0
BRDA:77,3,2,0
BRDA:96,4,0,0
BRDA:96,4,1,0
BRDA:117,5,0,0
BRDA:117,5,1,0
BRDA:170,6,0,0
BRDA:170,6,1,0
BRDA:171,7,0,0
BRDA:171,7,1,0
BRF:17
BRH:0
end_of_record
TN:
SF:src/components/OfflineBanner.tsx
FN:32,OfflineBanner
FN:59,(anonymous_1)
FNF:2
FNH:0
FNDA:0,OfflineBanner
FNDA:0,(anonymous_1)
DA:33,0
DA:34,0
DA:37,0
DA:59,0
DA:60,0
DA:61,0
DA:64,0
LF:7
LH:0
BRDA:32,0,0,0
BRDA:37,1,0,0
BRDA:37,1,1,0
BRDA:141,2,0,0
BRDA:141,2,1,0
BRDA:148,3,0,0
BRDA:148,3,1,0
BRF:7
BRH:0
end_of_record
TN:
SF:src/components/PremiumGate.tsx
FN:58,usePremiumGate
FN:62,(anonymous_1)
FN:70,(anonymous_2)
FN:84,(anonymous_3)
FN:110,(anonymous_4)
FN:177,(anonymous_5)
FN:189,(anonymous_6)
FN:219,(anonymous_7)
FN:240,(anonymous_8)
FN:289,(anonymous_9)
FNF:10
FNH:0
FNDA:0,usePremiumGate
FNDA:0,(anonymous_1)
FNDA:0,(anonymous_2)
FNDA:0,(anonymous_3)
FNDA:0,(anonymous_4)
FNDA:0,(anonymous_5)
FNDA:0,(anonymous_6)
FNDA:0,(anonymous_7)
FNDA:0,(anonymous_8)
FNDA:0,(anonymous_9)
DA:19,0
DA:59,0
DA:60,0
DA:61,0
DA:62,0
DA:64,0
DA:69,0
DA:71,0
DA:72,0
DA:74,0
DA:83,0
DA:85,0
DA:90,0
DA:110,0
DA:111,0
DA:177,0
DA:185,0
DA:186,0
DA:189,0
DA:190,0
DA:191,0
DA:194,0
DA:195,0
DA:201,0
DA:202,0
DA:211,0
DA:212,0
DA:213,0
DA:216,0
DA:219,0
DA:225,0
DA:240,0
DA:244,0
DA:250,0
DA:252,0
DA:289,0
DA:293,0
LF:37
LH:0
BRDA:64,0,0,0
BRDA:64,0,1,0
BRDA:71,1,0,0
BRDA:71,1,1,0
BRDA:137,2,0,0
BRDA:137,2,1,0
BRDA:181,3,0,0
BRDA:183,4,0,0
BRDA:190,5,0,0
BRDA:190,5,1,0
BRDA:194,6,0,0
BRDA:194,6,1,0
BRDA:194,7,0,0
BRDA:194,7,1,0
BRDA:201,8,0,0
BRDA:201,8,1,0
BRDA:201,9,0,0
BRDA:201,9,1,0
BRDA:201,9,2,0
BRDA:211,10,0,0
BRDA:211,10,1,0
BRDA:212,11,0,0
BRDA:212,11,1,0
BRDA:241,12,0,0
BRDA:242,13,0,0
BRDA:269,14,0,0
BRDA:269,14,1,0
BRDA:291,15,0,0
BRF:28
BRH:0
end_of_record
TN:
SF:src/components/ScreenErrorBoundary.tsx
FN:33,ScreenErrorFallbackUI
FN:134,(anonymous_1)
FN:162,(anonymous_2)
FN:203,(anonymous_3)
FN:212,(anonymous_4)
FN:216,(anonymous_5)
FN:237,(anonymous_6)
FN:246,(anonymous_7)
FN:271,(anonymous_8)
FNF:9
FNH:0
FNDA:0,ScreenErrorFallbackUI
FNDA:0,(anonymous_1)
FNDA:0,(anonymous_2)
FNDA:0,(anonymous_3)
FNDA:0,(anonymous_4)
FNDA:0,(anonymous_5)
FNDA:0,(anonymous_6)
FNDA:0,(anonymous_7)
FNDA:0,(anonymous_8)
DA:46,0
DA:47,0
DA:49,0
DA:50,0
DA:51,0
DA:52,0
DA:53,0
DA:54,0
DA:55,0
DA:57,0
DA:134,0
DA:162,0
DA:204,0
DA:205,0
DA:213,0
DA:217,0
DA:220,0
DA:231,0
DA:237,0
DA:238,0
DA:239,0
DA:246,0
DA:247,0
DA:248,0
DA:249,0
DA:250,0
DA:253,0
DA:256,0
DA:264,0
DA:272,0
DA:273,0
DA:284,0
LF:32
LH:0
BRDA:49,0,0,0
BRDA:49,0,1,0
BRDA:51,1,0,0
BRDA:51,1,1,0
BRDA:52,2,0,0
BRDA:52,2,1,0
BRDA:95,3,0,0
BRDA:95,3,1,0
BRDA:95,3,2,0
BRDA:115,4,0,0
BRDA:115,4,1,0
BRDA:139,5,0,0
BRDA:139,5,1,0
BRDA:159,6,0,0
BRDA:159,6,1,0
BRDA:167,7,0,0
BRDA:167,7,1,0
BRDA:248,8,0,0
BRDA:248,8,1,0
BRDA:272,9,0,0
BRDA:272,9,1,0
BRDA:279,10,0,0
BRDA:279,10,1,0
BRF:23
BRH:0
end_of_record
TN:
SF:src/components/VoiceMessagePlayer.tsx
FN:53,(anonymous_0)
FN:58,(anonymous_1)
FN:87,(anonymous_2)
FN:91,(anonymous_3)
FN:95,(anonymous_4)
FN:119,(anonymous_5)
FN:141,(anonymous_6)
FN:172,(anonymous_7)
FN:186,(anonymous_8)
FN:316,(anonymous_9)
FNF:10
FNH:0
FNDA:0,(anonymous_0)
FNDA:0,(anonymous_1)
FNDA:0,(anonymous_2)
FNDA:0,(anonymous_3)
FNDA:0,(anonymous_4)
FNDA:0,(anonymous_5)
FNDA:0,(anonymous_6)
FNDA:0,(anonymous_7)
FNDA:0,(anonymous_8)
FNDA:0,(anonymous_9)
DA:23,0
DA:53,0
DA:54,0
DA:55,0
DA:56,0
DA:58,0
DA:59,0
DA:68,0
DA:77,0
DA:87,0
DA:91,0
DA:95,0
DA:99,0
DA:114,0
DA:119,0
DA:120,0
DA:134,0
DA:140,0
DA:151,0
DA:152,0
DA:155,0
DA:156,0
DA:157,0
DA:158,0
DA:161,0
DA:167,0
DA:172,0
DA:174,0
DA:175,0
DA:176,0
DA:180,0
DA:186,0
DA:188,0
DA:189,0
DA:198,0
DA:199,0
DA:203,0
DA:204,0
DA:218,0
DA:228,0
DA:229,0
DA:251,0
DA:299,0
DA:315,0
DA:317,0
DA:333,0
LF:46
LH:0
BRDA:145,0,0,0
BRDA:146,1,0,0
BRDA:147,2,0,0
BRDA:156,3,0,0
BRDA:156,3,1,0
BRDA:157,4,0,0
BRDA:157,4,1,0
BRDA:157,4,2,0
BRDA:174,5,0,0
BRDA:174,5,1,0
BRDA:188,6,0,0
BRDA:188,6,1,0
BRDA:198,7,0,0
BRDA:198,7,1,0
BRDA:203,8,0,0
BRDA:203,8,1,0
BRDA:220,9,0,0
BRDA:220,9,1,0
BRDA:228,10,0,0
BRDA:228,10,1,0
BRDA:235,11,0,0
BRDA:235,11,1,0
BRDA:241,12,0,0
BRDA:241,12,1,0
BRDA:268,13,0,0
BRDA:268,13,1,0
BRDA:271,14,0,0
BRDA:271,14,1,0
BRDA:272,15,0,0
BRDA:272,15,1,0
BRDA:275,16,0,0
BRDA:275,16,1,0
BRDA:277,17,0,0
BRDA:277,17,1,0
BRDA:283,18,0,0
BRDA:283,18,1,0
BRDA:286,19,0,0
BRDA:286,19,1,0
BRDA:289,20,0,0
BRDA:289,20,1,0
BRF:40
BRH:0
end_of_record
TN:
SF:src/components/chat/AIConsentModal.tsx
FN:20,(anonymous_0)
FNF:1
FNH:0
FNDA:0,(anonymous_0)
DA:20,0
DA:26,0
DA:27,0
DA:28,0
DA:29,0
DA:30,0
DA:31,0
DA:32,0
DA:33,0
DA:34,0
DA:35,0
DA:36,0
DA:37,0
DA:38,0
DA:40,0
DA:92,0
LF:16
LH:0
BRDA:27,0,0,0
BRDA:27,0,1,0
BRF:2
BRH:0
end_of_record
TN:
SF:src/components/chat/ChatEmptyState.tsx
FN:47,(anonymous_0)
FN:129,(anonymous_1)
FN:132,(anonymous_2)
FNF:3
FNH:0
FNDA:0,(anonymous_0)
FNDA:0,(anonymous_1)
FNDA:0,(anonymous_2)
DA:19,0
DA:47,0
DA:51,0
DA:52,0
DA:53,0
DA:54,0
DA:55,0
DA:56,0
DA:57,0
DA:58,0
DA:61,0
DA:62,0
DA:63,0
DA:65,0
DA:130,0
DA:132,0
DA:151,0
LF:17
LH:0
BRDA:49,0,0,0
BRDA:52,1,0,0
BRDA:52,1,1,0
BRDA:62,2,0,0
BRDA:62,2,1,0
BRDA:63,3,0,0
BRDA:63,3,1,0
BRF:7
BRH:0
end_of_record
TN:
SF:src/components/chat/ChatHistorySidebar.tsx
FN:27,(anonymous_0)
FN:84,(anonymous_1)
FN:87,(anonymous_2)
FN:90,(anonymous_3)
FN:116,(anonymous_4)
FNF:5
FNH:0
FNDA:0,(anonymous_0)
FNDA:0,(anonymous_1)
FNDA:0,(anonymous_2)
FNDA:0,(anonymous_3)
FNDA:0,(anonymous_4)
DA:27,0
DA:37,0
DA:38,0
DA:39,0
DA:40,0
DA:41,0
DA:42,0
DA:43,0
DA:44,0
DA:45,0
DA:46,0
DA:47,0
DA:48,0
DA:50,0
DA:85,0
DA:88,0
DA:90,0
DA:116,0
DA:143,0
LF:19
LH:0
BRDA:39,0,0,0
BRDA:39,0,1,0
BRDA:78,1,0,0
BRDA:78,1,1,0
BRDA:93,2,0,0
BRDA:93,2,1,0
BRDA:99,3,0,0
BRDA:99,3,1,0
BRDA:105,4,0,0
BRDA:105,4,1,0
BRF:10
BRH:0
end_of_record
TN:
SF:src/components/chat/MessageBubble.tsx
FN:34,(anonymous_0)
FN:92,(anonymous_1)
FNF:2
FNH:0
FNDA:0,(anonymous_0)
FNDA:0,(anonymous_1)
DA:34,0
DA:42,0
DA:44,0
DA:90,0
DA:94,0
DA:105,0
DA:107,0
LF:7
LH:0
BRDA:47,0,0,0
BRDA:47,0,1,0
BRDA:50,1,0,0
BRDA:50,1,1,0
BRDA:57,2,0,0
BRDA:57,2,1,0
BRDA:65,3,0,0
BRDA:65,3,1,0
BRDA:72,4,0,0
BRDA:72,4,1,0
BRDA:72,4,2,0
BRDA:95,5,0,0
BRDA:95,5,1,0
BRDA:95,5,2,0
BRDA:95,5,3,0
BRDA:95,5,4,0
BRDA:95,5,5,0
BRF:17
BRH:0
end_of_record
TN:
SF:src/components/community/ComposerCard.tsx
FN:23,(anonymous_0)
FN:31,(anonymous_1)
FN:36,(anonymous_2)
FN:72,(anonymous_3)
FN:110,(anonymous_4)
FN:120,(anonymous_5)
FNF:6
FNH:0
FNDA:0,(anonymous_0)
FNDA:0,(anonymous_1)
FNDA:0,(anonymous_2)
FNDA:0,(anonymous_3)
FNDA:0,(anonymous_4)
FNDA:0,(anonymous_5)
DA:15,0
DA:16,0
DA:17,0
DA:23,0
DA:24,0
DA:26,0
DA:27,0
DA:28,0
DA:29,0
DA:31,0
DA:32,0
DA:33,0
DA:36,0
DA:37,0
DA:45,0
DA:53,0
DA:61,0
DA:64,0
DA:72,0
DA:111,0
DA:113,0
DA:120,0
DA:140,0
DA:142,0
LF:24
LH:0
BRDA:26,0,0,0
BRDA:26,0,1,0
BRDA:27,1,0,0
BRDA:27,1,1,0
BRDA:28,2,0,0
BRDA:28,2,1,0
BRDA:29,3,0,0
BRDA:29,3,1,0
BRDA:37,4,0,0
BRDA:37,4,1,0
BRDA:38,5,0,0
BRDA:38,5,1,0
BRDA:41,6,0,0
BRDA:41,6,1,0
BRDA:45,7,0,0
BRDA:45,7,1,0
BRDA:46,8,0,0
BRDA:46,8,1,0
BRDA:49,9,0,0
BRDA:49,9,1,0
BRDA:53,10,0,0
BRDA:53,10,1,0
BRDA:54,11,0,0
BRDA:54,11,1,0
BRDA:57,12,0,0
BRDA:57,12,1,0
BRDA:77,13,0,0
BRDA:77,13,1,0
BRDA:78,14,0,0
BRDA:78,14,1,0
BRDA:87,15,0,0
BRDA:87,15,1,0
BRDA:125,16,0,0
BRDA:125,16,1,0
BRDA:126,17,0,0
BRDA:126,17,1,0
BRF:36
BRH:0
end_of_record
TN:
SF:src/components/community/NewPostModal.tsx
FN:34,(anonymous_0)
FN:38,(anonymous_1)
FN:51,(anonymous_2)
FN:75,(anonymous_3)
FN:99,(anonymous_4)
FN:104,(anonymous_5)
FN:110,(anonymous_6)
FN:121,(anonymous_7)
FNF:8
FNH:0
FNDA:0,(anonymous_0)
FNDA:0,(anonymous_1)
FNDA:0,(anonymous_2)
FNDA:0,(anonymous_3)
FNDA:0,(anonymous_4)
FNDA:0,(anonymous_5)
FNDA:0,(anonymous_6)
FNDA:0,(anonymous_7)
DA:34,0
DA:35,0
DA:36,0
DA:37,0
DA:38,0
DA:40,0
DA:41,0
DA:42,0
DA:43,0
DA:45,0
DA:46,0
DA:47,0
DA:48,0
DA:49,0
DA:51,0
DA:52,0
DA:53,0
DA:54,0
DA:55,0
DA:56,0
DA:59,0
DA:66,0
DA:67,0
DA:68,0
DA:71,0
DA:75,0
DA:76,0
DA:77,0
DA:78,0
DA:79,0
DA:80,0
DA:83,0
DA:90,0
DA:91,0
DA:92,0
DA:95,0
DA:99,0
DA:100,0
DA:101,0
DA:104,0
DA:105,0
DA:107,0
DA:108,0
DA:110,0
DA:111,0
DA:112,0
DA:113,0
DA:114,0
DA:115,0
DA:116,0
DA:117,0
DA:121,0
DA:122,0
DA:123,0
DA:124,0
DA:125,0
DA:128,0
DA:130,0
DA:263,0
LF:59
LH:0
BRDA:45,0,0,0
BRDA:45,0,1,0
BRDA:46,1,0,0
BRDA:46,1,1,0
BRDA:47,2,0,0
BRDA:47,2,1,0
BRDA:48,3,0,0
BRDA:48,3,1,0
BRDA:49,4,0,0
BRDA:49,4,1,0
BRDA:54,5,0,0
BRDA:54,5,1,0
BRDA:66,6,0,0
BRDA:66,6,1,0
BRDA:66,7,0,0
BRDA:66,7,1,0
BRDA:78,8,0,0
BRDA:78,8,1,0
BRDA:90,9,0,0
BRDA:90,9,1,0
BRDA:90,10,0,0
BRDA:90,10,1,0
BRDA:105,11,0,0
BRDA:105,11,1,0
BRDA:105,12,0,0
BRDA:105,12,1,0
BRDA:111,13,0,0
BRDA:111,13,1,0
BRDA:111,14,0,0
BRDA:111,14,1,0
BRDA:128,15,0,0
BRDA:128,15,1,0
BRDA:128,15,2,0
BRDA:138,16,0,0
BRDA:138,16,1,0
BRDA:160,17,0,0
BRDA:160,17,1,0
BRDA:163,18,0,0
BRDA:163,18,1,0
BRDA:184,19,0,0
BRDA:184,19,1,0
BRDA:191,20,0,0
BRDA:191,20,1,0
BRDA:209,21,0,0
BRDA:209,21,1,0
BRDA:211,22,0,0
BRDA:211,22,1,0
BRF:47
BRH:0
end_of_record
TN:
SF:src/components/community/PostCard.tsx
FN:45,(anonymous_0)
FN:49,(anonymous_1)
FN:53,(anonymous_2)
FN:56,(anonymous_3)
FN:77,(anonymous_4)
FN:81,(anonymous_5)
FN:141,(anonymous_6)
FN:142,(anonymous_7)
FN:182,(anonymous_8)
FN:201,(anonymous_9)
FN:205,(anonymous_10)
FN:215,(anonymous_11)
FN:219,(anonymous_12)
FNF:13
FNH:0
FNDA:0,(anonymous_0)
FNDA:0,(anonymous_1)
FNDA:0,(anonymous_2)
FNDA:0,(anonymous_3)
FNDA:0,(anonymous_4)
FNDA:0,(anonymous_5)
FNDA:0,(anonymous_6)
FNDA:0,(anonymous_7)
FNDA:0,(anonymous_8)
FNDA:0,(anonymous_9)
FNDA:0,(anonymous_10)
FNDA:0,(anonymous_11)
FNDA:0,(anonymous_12)
DA:28,0
DA:29,0
DA:30,0
DA:33,0
DA:44,0
DA:46,0
DA:47,0
DA:49,0
DA:53,0
DA:54,0
DA:55,0
DA:56,0
DA:57,0
DA:59,0
DA:63,0
DA:64,0
DA:65,0
DA:66,0
DA:67,0
DA:69,0
DA:77,0
DA:81,0
DA:141,0
DA:142,0
DA:182,0
DA:201,0
DA:205,0
DA:215,0
DA:219,0
DA:231,0
DA:233,0
LF:31
LH:0
BRDA:63,0,0,0
BRDA:63,0,1,0
BRDA:64,1,0,0
BRDA:64,1,1,0
BRDA:65,2,0,0
BRDA:65,2,1,0
BRDA:66,3,0,0
BRDA:66,3,1,0
BRDA:79,4,0,0
BRDA:79,4,1,0
BRDA:85,5,0,0
BRDA:85,5,1,0
BRDA:86,6,0,0
BRDA:86,6,1,0
BRDA:87,7,0,0
BRDA:87,7,1,0
BRDA:92,8,0,0
BRDA:92,8,1,0
BRDA:99,9,0,0
BRDA:99,9,1,0
BRDA:113,10,0,0
BRDA:113,10,1,0
BRDA:124,11,0,0
BRDA:124,11,1,0
BRDA:141,12,0,0
BRDA:141,12,1,0
BRDA:154,13,0,0
BRDA:154,13,1,0
BRDA:160,14,0,0
BRDA:160,14,1,0
BRDA:177,15,0,0
BRDA:177,15,1,0
BRDA:182,16,0,0
BRDA:182,16,1,0
BRDA:185,17,0,0
BRDA:185,17,1,0
BRDA:187,18,0,0
BRDA:187,18,1,0
BRDA:192,19,0,0
BRDA:192,19,1,0
BRDA:205,20,0,0
BRDA:205,20,1,0
BRDA:219,21,0,0
BRDA:219,21,1,0
BRF:44
BRH:0
end_of_record
TN:
SF:src/components/home/BelongingCard.tsx
FN:27,(anonymous_0)
FN:31,(anonymous_1)
FN:35,(anonymous_2)
FN:39,(anonymous_3)
FN:44,(anonymous_4)
FNF:5
FNH:0
FNDA:0,(anonymous_0)
FNDA:0,(anonymous_1)
FNDA:0,(anonymous_2)
FNDA:0,(anonymous_3)
FNDA:0,(anonymous_4)
DA:27,0
DA:28,0
DA:29,0
DA:31,0
DA:32,0
DA:35,0
DA:36,0
DA:39,0
DA:40,0
DA:41,0
DA:44,0
DA:49,0
DA:50,0
DA:51,0
DA:52,0
DA:53,0
DA:55,0
DA:94,0
LF:18
LH:0
BRDA:49,0,0,0
BRDA:49,0,1,0
BRDA:50,1,0,0
BRDA:50,1,1,0
BRDA:51,2,0,0
BRDA:51,2,1,0
BRDA:52,3,0,0
BRDA:52,3,1,0
BRDA:53,4,0,0
BRDA:53,4,1,0
BRF:10
BRH:0
end_of_record
TN:
SF:src/components/home/EmotionalCheckInPrimary.tsx
FN:77,(anonymous_0)
FN:80,(anonymous_1)
FN:84,(anonymous_2)
FN:88,(anonymous_3)
FN:147,(anonymous_4)
FN:152,(anonymous_5)
FN:153,(anonymous_6)
FN:160,(anonymous_7)
FN:174,(anonymous_8)
FN:184,(anonymous_9)
FN:200,(anonymous_10)
FN:209,(anonymous_11)
FN:228,(anonymous_12)
FN:233,(anonymous_13)
FN:257,(anonymous_14)
FNF:15
FNH:0
FNDA:0,(anonymous_0)
FNDA:0,(anonymous_1)
FNDA:0,(anonymous_2)
FNDA:0,(anonymous_3)
FNDA:0,(anonymous_4)
FNDA:0,(anonymous_5)
FNDA:0,(anonymous_6)
FNDA:0,(anonymous_7)
FNDA:0,(anonymous_8)
FNDA:0,(anonymous_9)
FNDA:0,(anonymous_10)
FNDA:0,(anonymous_11)
FNDA:0,(anonymous_12)
FNDA:0,(anonymous_13)
FNDA:0,(anonymous_14)
DA:30,0
DA:31,0
DA:32,0
DA:44,0
DA:77,0
DA:78,0
DA:80,0
DA:81,0
DA:84,0
DA:85,0
DA:88,0
DA:95,0
DA:103,0
DA:111,0
DA:119,0
DA:144,0
DA:147,0
DA:148,0
DA:149,0
DA:152,0
DA:153,0
DA:156,0
DA:157,0
DA:160,0
DA:161,0
DA:162,0
DA:164,0
DA:171,0
DA:172,0
DA:173,0
DA:174,0
DA:175,0
DA:176,0
DA:183,0
DA:185,0
DA:187,0
DA:190,0
DA:197,0
DA:200,0
DA:201,0
DA:202,0
DA:209,0
DA:210,0
DA:211,0
DA:212,0
DA:216,0
DA:217,0
DA:219,0
DA:229,0
DA:233,0
DA:257,0
DA:275,0
LF:52
LH:0
BRDA:95,0,0,0
BRDA:95,0,1,0
BRDA:96,1,0,0
BRDA:96,1,1,0
BRDA:99,2,0,0
BRDA:99,2,1,0
BRDA:103,3,0,0
BRDA:103,3,1,0
BRDA:104,4,0,0
BRDA:104,4,1,0
BRDA:107,5,0,0
BRDA:107,5,1,0
BRDA:111,6,0,0
BRDA:111,6,1,0
BRDA:112,7,0,0
BRDA:112,7,1,0
BRDA:115,8,0,0
BRDA:115,8,1,0
BRDA:125,9,0,0
BRDA:125,9,1,0
BRDA:133,10,0,0
BRDA:133,10,1,0
BRDA:162,11,0,0
BRDA:162,11,1,0
BRDA:172,12,0,0
BRDA:172,12,1,0
BRDA:175,13,0,0
BRDA:175,13,1,0
BRDA:201,14,0,0
BRDA:201,14,1,0
BRDA:210,15,0,0
BRDA:210,15,1,0
BRDA:216,16,0,0
BRDA:216,16,1,0
BRDA:217,17,0,0
BRDA:217,17,1,0
BRDA:240,18,0,0
BRDA:240,18,1,0
BRDA:246,19,0,0
BRDA:246,19,1,0
BRDA:260,20,0,0
BRDA:260,20,1,0
BRDA:261,21,0,0
BRDA:261,21,1,0
BRDA:262,22,0,0
BRDA:262,22,1,0
BRF:46
BRH:0
end_of_record
TN:
SF:src/components/home/HealthInsightCard.tsx
FN:46,(anonymous_0)
FN:52,(anonymous_1)
FN:98,(anonymous_2)
FN:146,(anonymous_3)
FNF:4
FNH:0
FNDA:0,(anonymous_0)
FNDA:0,(anonymous_1)
FNDA:0,(anonymous_2)
FNDA:0,(anonymous_3)
DA:30,0
DA:36,0
DA:46,0
DA:47,0
DA:48,0
DA:49,0
DA:52,0
DA:53,0
DA:54,0
DA:56,0
DA:57,0
DA:58,0
DA:59,0
DA:60,0
DA:61,0
DA:62,0
DA:63,0
DA:64,0
DA:65,0
DA:71,0
DA:72,0
DA:76,0
DA:77,0
DA:80,0
DA:81,0
DA:82,0
DA:83,0
DA:86,0
DA:87,0
DA:91,0
DA:98,0
DA:146,0
DA:176,0
LF:33
LH:0
BRDA:53,0,0,0
BRDA:53,0,1,0
BRDA:57,1,0,0
BRDA:57,1,1,0
BRDA:58,2,0,0
BRDA:58,2,1,0
BRDA:60,3,0,0
BRDA:60,3,1,0
BRDA:62,4,0,0
BRDA:62,4,1,0
BRDA:64,5,0,0
BRDA:64,5,1,0
BRDA:71,6,0,0
BRDA:71,6,1,0
BRDA:80,7,0,0
BRDA:80,7,1,0
BRDA:81,8,0,0
BRDA:81,8,1,0
BRDA:82,9,0,0
BRDA:82,9,1,0
BRDA:82,10,0,0
BRDA:82,10,1,0
BRDA:83,11,0,0
BRDA:83,11,1,0
BRDA:83,12,0,0
BRDA:83,12,1,0
BRDA:87,13,0,0
BRDA:87,13,1,0
BRDA:103,14,0,0
BRDA:103,14,1,0
BRDA:104,15,0,0
BRDA:104,15,1,0
BRDA:123,16,0,0
BRDA:123,16,1,0
BRDA:148,17,0,0
BRDA:148,17,1,0
BRDA:158,18,0,0
BRDA:158,18,1,0
BRF:38
BRH:0
end_of_record
TN:
SF:src/components/home/InstagramSentimentBar.tsx
FN:46,(anonymous_0)
FN:68,(anonymous_1)
FN:79,(anonymous_2)
FN:86,(anonymous_3)
FN:94,(anonymous_4)
FN:104,(anonymous_5)
FN:107,(anonymous_6)
FN:111,(anonymous_7)
FN:117,(anonymous_8)
FN:126,(anonymous_9)
FN:129,(anonymous_10)
FN:140,(anonymous_11)
FN:145,(anonymous_12)
FN:152,(anonymous_13)
FN:156,(anonymous_14)
FN:162,(anonymous_15)
FN:181,(anonymous_16)
FNF:17
FNH:0
FNDA:0,(anonymous_0)
FNDA:0,(anonymous_1)
FNDA:0,(anonymous_2)
FNDA:0,(anonymous_3)
FNDA:0,(anonymous_4)
FNDA:0,(anonymous_5)
FNDA:0,(anonymous_6)
FNDA:0,(anonymous_7)
FNDA:0,(anonymous_8)
FNDA:0,(anonymous_9)
FNDA:0,(anonymous_10)
FNDA:0,(anonymous_11)
FNDA:0,(anonymous_12)
FNDA:0,(anonymous_13)
FNDA:0,(anonymous_14)
FNDA:0,(anonymous_15)
FNDA:0,(anonymous_16)
DA:41,0
DA:42,0
DA:43,0
DA:44,0
DA:46,0
DA:54,0
DA:57,0
DA:58,0
DA:59,0
DA:60,0
DA:63,0
DA:64,0
DA:65,0
DA:68,0
DA:69,0
DA:70,0
DA:78,0
DA:80,0
DA:85,0
DA:87,0
DA:93,0
DA:95,0
DA:96,0
DA:97,0
DA:103,0
DA:105,0
DA:108,0
DA:109,0
DA:112,0
DA:113,0
DA:114,0
DA:115,0
DA:118,0
DA:119,0
DA:120,0
DA:125,0
DA:127,0
DA:130,0
DA:131,0
DA:132,0
DA:133,0
DA:134,0
DA:139,0
DA:140,0
DA:145,0
DA:152,0
DA:156,0
DA:161,0
DA:163,0
DA:164,0
DA:166,0
DA:167,0
DA:168,0
DA:169,0
DA:172,0
DA:173,0
DA:174,0
DA:181,0
DA:182,0
DA:184,0
DA:185,0
DA:186,0
DA:199,0
DA:202,0
DA:270,0
LF:65
LH:0
BRDA:50,0,0,0
BRDA:51,1,0,0
BRDA:52,2,0,0
BRDA:63,3,0,0
BRDA:63,3,1,0
BRDA:64,4,0,0
BRDA:64,4,1,0
BRDA:65,5,0,0
BRDA:65,5,1,0
BRDA:69,6,0,0
BRDA:69,6,1,0
BRDA:69,7,0,0
BRDA:69,7,1,0
BRDA:114,8,0,0
BRDA:114,8,1,0
BRDA:119,9,0,0
BRDA:119,9,1,0
BRDA:132,10,0,0
BRDA:132,10,1,0
BRDA:148,11,0,0
BRDA:148,11,1,0
BRDA:157,12,0,0
BRDA:157,12,1,0
BRDA:166,13,0,0
BRDA:166,13,1,0
BRDA:168,14,0,0
BRDA:168,14,1,0
BRDA:172,15,0,0
BRDA:172,15,1,0
BRDA:182,16,0,0
BRDA:182,16,1,0
BRDA:193,17,0,0
BRDA:193,17,1,0
BRDA:219,18,0,0
BRDA:219,18,1,0
BRDA:238,19,0,0
BRDA:238,19,1,0
BRDA:256,20,0,0
BRDA:256,20,1,0
BRDA:261,21,0,0
BRDA:261,21,1,0
BRF:41
BRH:0
end_of_record
TN:
SF:src/components/home/NathiaAdviceCard.tsx
FN:36,(anonymous_0)
FN:40,(anonymous_1)
FN:45,(anonymous_2)
FN:53,(anonymous_3)
FN:74,(anonymous_4)
FNF:5
FNH:0
FNDA:0,(anonymous_0)
FNDA:0,(anonymous_1)
FNDA:0,(anonymous_2)
FNDA:0,(anonymous_3)
FNDA:0,(anonymous_4)
DA:21,0
DA:28,0
DA:36,0
DA:37,0
DA:40,0
DA:41,0
DA:42,0
DA:45,0
DA:46,0
DA:47,0
DA:49,0
DA:53,0
DA:54,0
DA:55,0
DA:59,0
DA:60,0
DA:61,0
DA:62,0
DA:63,0
DA:64,0
DA:66,0
DA:74,0
DA:111,0
LF:23
LH:0
BRDA:42,0,0,0
BRDA:42,0,1,0
BRDA:46,1,0,0
BRDA:46,1,1,0
BRDA:49,2,0,0
BRDA:49,2,1,0
BRDA:49,3,0,0
BRDA:49,3,1,0
BRDA:59,4,0,0
BRDA:59,4,1,0
BRDA:60,5,0,0
BRDA:60,5,1,0
BRDA:61,6,0,0
BRDA:61,6,1,0
BRDA:61,7,0,0
BRDA:61,7,1,0
BRDA:62,8,0,0
BRDA:62,8,1,0
BRDA:62,9,0,0
BRDA:62,9,1,0
BRDA:63,10,0,0
BRDA:63,10,1,0
BRDA:79,11,0,0
BRDA:79,11,1,0
BRDA:80,12,0,0
BRDA:80,12,1,0
BRF:26
BRH:0
end_of_record
TN:
SF:src/components/home/QuickActionsBar.tsx
FN:50,(anonymous_0)
FN:53,(anonymous_1)
FN:57,(anonymous_2)
FN:61,(anonymous_3)
FN:100,(anonymous_4)
FN:104,(anonymous_5)
FN:105,(anonymous_6)
FN:141,(anonymous_7)
FN:164,(anonymous_8)
FN:168,(anonymous_9)
FNF:10
FNH:0
FNDA:0,(anonymous_0)
FNDA:0,(anonymous_1)
FNDA:0,(anonymous_2)
FNDA:0,(anonymous_3)
FNDA:0,(anonymous_4)
FNDA:0,(anonymous_5)
FNDA:0,(anonymous_6)
FNDA:0,(anonymous_7)
FNDA:0,(anonymous_8)
FNDA:0,(anonymous_9)
DA:50,0
DA:51,0
DA:53,0
DA:54,0
DA:57,0
DA:58,0
DA:61,0
DA:65,0
DA:66,0
DA:67,0
DA:69,0
DA:98,0
DA:100,0
DA:101,0
DA:104,0
DA:105,0
DA:107,0
DA:108,0
DA:111,0
DA:140,0
DA:142,0
DA:143,0
DA:149,0
DA:150,0
DA:152,0
DA:165,0
DA:168,0
DA:177,0
LF:28
LH:0
BRDA:65,0,0,0
BRDA:65,0,1,0
BRDA:66,1,0,0
BRDA:66,1,1,0
BRDA:67,2,0,0
BRDA:67,2,1,0
BRDA:83,3,0,0
BRDA:83,3,1,0
BRDA:83,3,2,0
BRDA:85,4,0,0
BRDA:85,4,1,0
BRDA:117,5,0,0
BRDA:117,5,1,0
BRDA:149,6,0,0
BRDA:149,6,1,0
BRDA:150,7,0,0
BRDA:150,7,1,0
BRF:17
BRH:0
end_of_record
TN:
SF:src/components/onboarding/ConcernCard.tsx
FN:35,ConcernCardComponent
FN:43,(anonymous_1)
FN:46,(anonymous_2)
FN:49,(anonymous_3)
FN:61,(anonymous_4)
FN:67,(anonymous_5)
FN:73,(anonymous_6)
FN:80,(anonymous_7)
FNF:8
FNH:0
FNDA:0,ConcernCardComponent
FNDA:0,(anonymous_1)
FNDA:0,(anonymous_2)
FNDA:0,(anonymous_3)
FNDA:0,(anonymous_4)
FNDA:0,(anonymous_5)
FNDA:0,(anonymous_6)
FNDA:0,(anonymous_7)
DA:24,0
DA:33,0
DA:36,0
DA:37,0
DA:38,0
DA:41,0
DA:44,0
DA:47,0
DA:51,0
DA:52,0
DA:57,0
DA:61,0
DA:67,0
DA:72,0
DA:73,0
DA:74,0
DA:80,0
DA:87,0
DA:151,0
DA:152,0
DA:172,0
DA:192,0
DA:194,0
LF:23
LH:0
BRDA:51,0,0,0
BRDA:51,0,1,0
BRDA:63,1,0,0
BRDA:63,1,1,0
BRDA:64,2,0,0
BRDA:64,2,1,0
BRDA:72,3,0,0
BRDA:72,3,1,0
BRDA:74,4,0,0
BRDA:74,4,1,0
BRDA:139,5,0,0
BRDA:139,5,1,0
BRDA:151,6,0,0
BRDA:151,6,1,0
BRDA:153,7,0,0
BRDA:153,7,1,0
BRDA:159,8,0,0
BRDA:159,8,1,0
BRDA:159,8,2,0
BRDA:179,9,0,0
BRDA:179,9,1,0
BRDA:179,9,2,0
BRF:22
BRH:0
end_of_record
TN:
SF:src/components/onboarding/ProgressBar.tsx
FN:23,ProgressBar
FN:35,(anonymous_1)
FN:43,(anonymous_2)
FNF:3
FNH:0
FNDA:0,ProgressBar
FNDA:0,(anonymous_1)
FNDA:0,(anonymous_2)
DA:28,0
DA:29,0
DA:32,0
DA:35,0
DA:36,0
DA:43,0
DA:44,0
DA:49,0
DA:84,0
LF:9
LH:0
BRDA:25,0,0,0
BRDA:26,1,0,0
BRDA:51,2,0,0
BRDA:51,2,1,0
BRDA:65,3,0,0
BRDA:65,3,1,0
BRF:6
BRH:0
end_of_record
TN:
SF:src/components/onboarding/ShareableCard.tsx
FN:16,ShareableCard
FNF:1
FNH:0
FNDA:0,ShareableCard
DA:17,0
DA:46,0
LF:2
LH:0
BRDA:26,0,0,0
BRDA:26,0,1,0
BRF:2
BRH:0
end_of_record
TN:
SF:src/components/onboarding/StageCard.tsx
FN:33,StageCardComponent
FN:40,(anonymous_1)
FN:44,(anonymous_2)
FN:48,(anonymous_3)
FN:53,(anonymous_4)
FN:57,(anonymous_5)
FN:65,(anonymous_6)
FN:72,(anonymous_7)
FNF:8
FNH:0
FNDA:0,StageCardComponent
FNDA:0,(anonymous_1)
FNDA:0,(anonymous_2)
FNDA:0,(anonymous_3)
FNDA:0,(anonymous_4)
FNDA:0,(anonymous_5)
FNDA:0,(anonymous_6)
FNDA:0,(anonymous_7)
DA:23,0
DA:31,0
DA:34,0
DA:35,0
DA:36,0
DA:39,0
DA:41,0
DA:42,0
DA:45,0
DA:46,0
DA:49,0
DA:53,0
DA:57,0
DA:64,0
DA:65,0
DA:66,0
DA:72,0
DA:79,0
DA:147,0
DA:148,0
DA:159,0
DA:170,0
DA:172,0
LF:23
LH:0
BRDA:58,0,0,0
BRDA:58,0,1,0
BRDA:61,1,0,0
BRDA:61,1,1,0
BRDA:64,2,0,0
BRDA:64,2,1,0
BRDA:66,3,0,0
BRDA:66,3,1,0
BRDA:135,4,0,0
BRDA:135,4,1,0
BRDA:147,5,0,0
BRDA:147,5,1,0
BRF:12
BRH:0
end_of_record
TN:
SF:src/components/onboarding/VideoPlayer.tsx
FN:24,VideoPlayer
FN:43,(anonymous_1)
FN:52,(anonymous_2)
FN:55,(anonymous_3)
FN:67,(anonymous_4)
FN:74,(anonymous_5)
FN:78,(anonymous_6)
FN:86,(anonymous_7)
FN:92,(anonymous_8)
FN:110,(anonymous_9)
FNF:10
FNH:0
FNDA:0,VideoPlayer
FNDA:0,(anonymous_1)
FNDA:0,(anonymous_2)
FNDA:0,(anonymous_3)
FNDA:0,(anonymous_4)
FNDA:0,(anonymous_5)
FNDA:0,(anonymous_6)
FNDA:0,(anonymous_7)
FNDA:0,(anonymous_8)
FNDA:0,(anonymous_9)
DA:33,0
DA:34,0
DA:35,0
DA:36,0
DA:37,0
DA:40,0
DA:43,0
DA:44,0
DA:45,0
DA:46,0
DA:47,0
DA:52,0
DA:53,0
DA:55,0
DA:56,0
DA:57,0
DA:58,0
DA:59,0
DA:60,0
DA:61,0
DA:62,0
DA:63,0
DA:67,0
DA:68,0
DA:69,0
DA:70,0
DA:74,0
DA:75,0
DA:78,0
DA:79,0
DA:80,0
DA:81,0
DA:86,0
DA:87,0
DA:88,0
DA:92,0
DA:93,0
DA:94,0
DA:95,0
DA:96,0
DA:98,0
DA:99,0
DA:102,0
DA:110,0
DA:111,0
DA:112,0
DA:114,0
DA:122,0
DA:123,0
DA:130,0
DA:169,0
LF:51
LH:0
BRDA:27,0,0,0
BRDA:28,1,0,0
BRDA:29,2,0,0
BRDA:30,3,0,0
BRDA:40,4,0,0
BRDA:40,4,1,0
BRDA:46,5,0,0
BRDA:46,5,1,0
BRDA:53,6,0,0
BRDA:53,6,1,0
BRDA:56,7,0,0
BRDA:56,7,1,0
BRDA:58,8,0,0
BRDA:58,8,1,0
BRDA:60,9,0,0
BRDA:60,9,1,0
BRDA:63,10,0,0
BRDA:63,10,1,0
BRDA:68,11,0,0
BRDA:68,11,1,0
BRDA:87,12,0,0
BRDA:87,12,1,0
BRDA:94,13,0,0
BRDA:94,13,1,0
BRDA:105,14,0,0
BRDA:105,14,1,0
BRDA:117,15,0,0
BRDA:117,15,1,0
BRDA:122,16,0,0
BRDA:122,16,1,0
BRDA:134,17,0,0
BRDA:134,17,1,0
BRDA:140,18,0,0
BRDA:140,18,1,0
BRDA:140,18,2,0
BRDA:145,19,0,0
BRDA:145,19,1,0
BRDA:148,20,0,0
BRDA:148,20,1,0
BRDA:154,21,0,0
BRDA:154,21,1,0
BRDA:158,22,0,0
BRDA:158,22,1,0
BRF:43
BRH:0
end_of_record
TN:
SF:src/components/onboarding/stories/EmotionalOption.tsx
FN:22,(anonymous_0)
FN:29,(anonymous_1)
FNF:2
FNH:0
FNDA:0,(anonymous_0)
FNDA:0,(anonymous_1)
DA:8,0
DA:9,0
DA:21,0
DA:23,0
DA:30,0
DA:31,0
DA:56,0
DA:58,0
LF:8
LH:0
BRDA:35,0,0,0
BRDA:35,0,1,0
BRDA:45,1,0,0
BRDA:45,1,1,0
BRF:4
BRH:0
end_of_record
TN:
SF:src/components/onboarding/stories/EpisodeCard.tsx
FN:19,(anonymous_0)
FNF:1
FNH:0
FNDA:0,(anonymous_0)
DA:8,0
DA:9,0
DA:18,0
DA:20,0
DA:44,0
DA:46,0
LF:6
LH:0
BRF:0
BRH:0
end_of_record
TN:
SF:src/components/onboarding/stories/NathSpeaks.tsx
FN:17,(anonymous_0)
FNF:1
FNH:0
FNDA:0,(anonymous_0)
DA:8,0
DA:9,0
DA:16,0
DA:18,0
DA:40,0
DA:42,0
LF:6
LH:0
BRDA:17,0,0,0
BRF:1
BRH:0
end_of_record
TN:
SF:src/components/onboarding/stories/ObjectiveChip.tsx
FN:25,(anonymous_0)
FN:28,(anonymous_1)
FN:32,(anonymous_2)
FNF:3
FNH:0
FNDA:0,(anonymous_0)
FNDA:0,(anonymous_1)
FNDA:0,(anonymous_2)
DA:14,0
DA:15,0
DA:24,0
DA:26,0
DA:28,0
DA:32,0
DA:33,0
DA:34,0
DA:38,0
DA:41,0
DA:61,0
DA:63,0
LF:12
LH:0
BRDA:44,0,0,0
BRDA:44,0,1,0
BRDA:49,1,0,0
BRDA:49,1,1,0
BRF:4
BRH:0
end_of_record
TN:
SF:src/components/onboarding/stories/SelectionCard.tsx
FN:29,(anonymous_0)
FN:33,(anonymous_1)
FN:37,(anonymous_2)
FN:41,(anonymous_3)
FN:46,(anonymous_4)
FNF:5
FNH:0
FNDA:0,(anonymous_0)
FNDA:0,(anonymous_1)
FNDA:0,(anonymous_2)
FNDA:0,(anonymous_3)
FNDA:0,(anonymous_4)
DA:16,0
DA:17,0
DA:28,0
DA:30,0
DA:31,0
DA:33,0
DA:34,0
DA:37,0
DA:41,0
DA:46,0
DA:47,0
DA:48,0
DA:52,0
DA:55,0
DA:57,0
DA:111,0
DA:113,0
LF:17
LH:0
BRDA:29,0,0,0
BRDA:31,1,0,0
BRDA:31,1,1,0
BRDA:34,2,0,0
BRDA:34,2,1,0
BRDA:65,3,0,0
BRDA:65,3,1,0
BRDA:71,4,0,0
BRDA:71,4,1,0
BRDA:72,5,0,0
BRDA:72,5,1,0
BRDA:78,6,0,0
BRDA:78,6,1,0
BRDA:84,7,0,0
BRDA:84,7,1,0
BRDA:89,8,0,0
BRDA:89,8,1,0
BRDA:90,9,0,0
BRDA:90,9,1,0
BRDA:95,10,0,0
BRDA:95,10,1,0
BRDA:95,10,2,0
BRDA:99,11,0,0
BRDA:99,11,1,0
BRF:24
BRH:0
end_of_record
TN:
SF:src/components/onboarding/stories/StoryButton.tsx
FN:28,(anonymous_0)
FN:32,(anonymous_1)
FN:34,(anonymous_2)
FN:48,(anonymous_3)
FN:53,(anonymous_4)
FN:57,(anonymous_5)
FN:62,(anonymous_6)
FNF:7
FNH:0
FNDA:0,(anonymous_0)
FNDA:0,(anonymous_1)
FNDA:0,(anonymous_2)
FNDA:0,(anonymous_3)
FNDA:0,(anonymous_4)
FNDA:0,(anonymous_5)
FNDA:0,(anonymous_6)
DA:17,0
DA:18,0
DA:27,0
DA:29,0
DA:30,0
DA:32,0
DA:33,0
DA:34,0
DA:35,0
DA:46,0
DA:47,0
DA:48,0
DA:50,0
DA:53,0
DA:57,0
DA:62,0
DA:63,0
DA:64,0
DA:65,0
DA:69,0
DA:72,0
DA:74,0
DA:105,0
DA:107,0
LF:24
LH:0
BRDA:28,0,0,0
BRDA:33,1,0,0
BRDA:33,1,1,0
BRDA:33,2,0,0
BRDA:33,2,1,0
BRDA:63,3,0,0
BRDA:63,3,1,0
BRDA:76,4,0,0
BRDA:76,4,1,0
BRDA:77,5,0,0
BRDA:77,5,1,0
BRDA:80,6,0,0
BRDA:80,6,1,0
BRDA:86,7,0,0
BRDA:86,7,1,0
BRDA:89,8,0,0
BRDA:89,8,1,0
BRF:17
BRH:0
end_of_record
TN:
SF:src/components/onboarding/stories/StoryProgressBar.tsx
FN:14,(anonymous_0)
FN:17,(anonymous_1)
FNF:2
FNH:0
FNDA:0,(anonymous_0)
FNDA:0,(anonymous_1)
DA:5,0
DA:13,0
DA:15,0
DA:18,0
DA:43,0
DA:45,0
LF:6
LH:0
BRDA:24,0,0,0
BRDA:24,0,1,0
BRDA:26,1,0,0
BRDA:26,1,1,0
BRDA:30,2,0,0
BRDA:30,2,1,0
BRF:6
BRH:0
end_of_record
TN:
SF:src/components/ui/AlertModal.tsx
FN:38,AlertModal
FN:49,(anonymous_1)
FN:54,(anonymous_2)
FN:93,(anonymous_3)
FN:166,(anonymous_4)
FN:171,(anonymous_5)
FN:205,useAlertModal
FN:213,(anonymous_7)
FN:220,(anonymous_8)
FN:225,(anonymous_9)
FNF:10
FNH:0
FNDA:0,AlertModal
FNDA:0,(anonymous_1)
FNDA:0,(anonymous_2)
FNDA:0,(anonymous_3)
FNDA:0,(anonymous_4)
FNDA:0,(anonymous_5)
FNDA:0,useAlertModal
FNDA:0,(anonymous_7)
FNDA:0,(anonymous_8)
FNDA:0,(anonymous_9)
DA:17,0
DA:18,0
DA:19,0
DA:20,0
DA:47,0
DA:49,0
DA:50,0
DA:51,0
DA:54,0
DA:55,0
DA:57,0
DA:62,0
DA:67,0
DA:74,0
DA:93,0
DA:167,0
DA:168,0
DA:171,0
DA:206,0
DA:207,0
DA:212,0
DA:214,0
DA:215,0
DA:220,0
DA:221,0
DA:224,0
DA:226,0
DA:235,0
LF:28
LH:0
BRDA:42,0,0,0
BRDA:55,1,0,0
BRDA:55,1,1,0
BRDA:55,1,2,0
BRDA:108,2,0,0
BRDA:108,2,1,0
BRDA:114,3,0,0
BRDA:114,3,1,0
BRDA:116,4,0,0
BRDA:116,4,1,0
BRDA:128,5,0,0
BRDA:128,5,1,0
BRDA:162,6,0,0
BRDA:162,6,1,0
BRDA:173,7,0,0
BRDA:173,7,1,0
BRF:16
BRH:0
end_of_record
TN:
SF:src/components/ui/AnimatedBadge.tsx
FN:118,AnimatedBadge
FN:143,(anonymous_1)
FN:148,(anonymous_2)
FN:162,(anonymous_3)
FN:190,(anonymous_4)
FN:204,(anonymous_5)
FN:262,(anonymous_6)
FN:280,(anonymous_7)
FN:292,(anonymous_8)
FN:300,(anonymous_9)
FN:393,StreakBadge
FN:435,AchievementBadge
FNF:12
FNH:0
FNDA:0,AnimatedBadge
FNDA:0,(anonymous_1)
FNDA:0,(anonymous_2)
FNDA:0,(anonymous_3)
FNDA:0,(anonymous_4)
FNDA:0,(anonymous_5)
FNDA:0,(anonymous_6)
FNDA:0,(anonymous_7)
FNDA:0,(anonymous_8)
FNDA:0,(anonymous_9)
FNDA:0,StreakBadge
FNDA:0,AchievementBadge
DA:90,1
DA:132,0
DA:133,0
DA:136,0
DA:137,0
DA:138,0
DA:139,0
DA:140,0
DA:143,0
DA:144,0
DA:148,0
DA:149,0
DA:150,0
DA:154,0
DA:162,0
DA:163,0
DA:165,0
DA:171,0
DA:177,0
DA:185,0
DA:190,0
DA:191,0
DA:192,0
DA:204,0
DA:205,0
DA:206,0
DA:215,0
DA:217,0
DA:225,0
DA:233,0
DA:241,0
DA:249,0
DA:259,0
DA:262,0
DA:263,0
DA:265,0
DA:267,0
DA:269,0
DA:271,0
DA:273,0
DA:277,0
DA:280,0
DA:281,0
DA:282,0
DA:283,0
DA:284,0
DA:286,0
DA:289,0
DA:292,0
DA:300,0
DA:309,0
DA:318,0
DA:400,0
DA:402,0
DA:442,0
DA:447,0
DA:464,1
LF:57
LH:2
BRDA:123,0,0,0
BRDA:124,1,0,0
BRDA:125,2,0,0
BRDA:126,3,0,0
BRDA:128,4,0,0
BRDA:136,5,0,0
BRDA:136,5,1,0
BRDA:137,6,0,0
BRDA:137,6,1,0
BRDA:149,7,0,0
BRDA:149,7,1,0
BRDA:163,8,0,0
BRDA:163,8,1,0
BRDA:191,9,0,0
BRDA:191,9,1,0
BRDA:205,10,0,0
BRDA:205,10,1,0
BRDA:215,11,0,0
BRDA:215,11,1,0
BRDA:215,11,2,0
BRDA:215,11,3,0
BRDA:215,11,4,0
BRDA:218,12,0,0
BRDA:218,12,1,0
BRDA:220,13,0,0
BRDA:220,13,1,0
BRDA:226,14,0,0
BRDA:226,14,1,0
BRDA:228,15,0,0
BRDA:228,15,1,0
BRDA:234,16,0,0
BRDA:234,16,1,0
BRDA:236,17,0,0
BRDA:236,17,1,0
BRDA:242,18,0,0
BRDA:242,18,1,0
BRDA:244,19,0,0
BRDA:244,19,1,0
BRDA:250,20,0,0
BRDA:250,20,1,0
BRDA:252,21,0,0
BRDA:252,21,1,0
BRDA:263,22,0,0
BRDA:263,22,1,0
BRDA:263,22,2,0
BRDA:263,22,3,0
BRDA:263,22,4,0
BRDA:277,23,0,0
BRDA:277,23,1,0
BRDA:281,24,0,0
BRDA:281,24,1,0
BRDA:282,25,0,0
BRDA:282,25,1,0
BRDA:283,26,0,0
BRDA:283,26,1,0
BRDA:309,27,0,0
BRDA:309,27,1,0
BRDA:310,28,0,0
BRDA:310,28,1,0
BRDA:312,29,0,0
BRDA:312,29,1,0
BRDA:313,30,0,0
BRDA:313,30,1,0
BRDA:314,31,0,0
BRDA:314,31,1,0
BRDA:355,32,0,0
BRDA:355,32,1,0
BRDA:395,33,0,0
BRDA:396,34,0,0
BRDA:437,35,0,0
BRDA:438,36,0,0
BRDA:439,37,0,0
BRDA:443,38,0,0
BRDA:443,38,1,0
BRF:74
BRH:0
end_of_record
TN:
SF:src/components/ui/AppButton.tsx
FN:21,AppButton
FN:35,(anonymous_1)
FN:91,(anonymous_2)
FNF:3
FNH:0
FNDA:0,AppButton
FNDA:0,(anonymous_1)
FNDA:0,(anonymous_2)
DA:33,0
DA:35,0
DA:36,0
DA:37,0
DA:38,0
DA:42,0
DA:48,0
DA:76,0
DA:77,0
DA:78,0
DA:80,0
DA:86,0
DA:91,0
LF:13
LH:0
BRDA:24,0,0,0
BRDA:25,1,0,0
BRDA:27,2,0,0
BRDA:28,3,0,0
BRDA:29,4,0,0
BRDA:30,5,0,0
BRDA:36,6,0,0
BRDA:36,6,1,0
BRDA:36,7,0,0
BRDA:36,7,1,0
BRDA:50,8,0,0
BRDA:50,8,1,0
BRDA:61,9,0,0
BRDA:61,9,1,0
BRDA:62,10,0,0
BRDA:62,10,1,0
BRDA:66,11,0,0
BRDA:66,11,1,0
BRDA:71,12,0,0
BRDA:71,12,1,0
BRDA:78,13,0,0
BRDA:78,13,1,0
BRDA:82,14,0,0
BRDA:82,14,1,0
BRDA:82,15,0,0
BRDA:82,15,1,0
BRDA:83,16,0,0
BRDA:83,16,1,0
BRDA:90,17,0,0
BRDA:90,17,1,0
BRDA:96,18,0,0
BRDA:96,18,1,0
BRDA:101,19,0,0
BRDA:101,19,1,0
BRDA:102,20,0,0
BRDA:102,20,1,0
BRDA:105,21,0,0
BRDA:105,21,1,0
BRDA:109,22,0,0
BRDA:109,22,1,0
BRDA:109,22,2,0
BRDA:126,23,0,0
BRDA:126,23,1,0
BRDA:126,23,2,0
BRF:44
BRH:0
end_of_record
TN:
SF:src/components/ui/AppCard.tsx
FN:32,AppCard
FN:72,(anonymous_1)
FNF:2
FNH:0
FNDA:0,AppCard
FNDA:0,(anonymous_1)
DA:18,0
DA:25,0
DA:44,0
DA:46,0
DA:52,0
DA:70,0
DA:72,0
DA:73,0
DA:74,0
DA:75,0
DA:80,0
DA:85,0
DA:87,0
DA:96,0
DA:97,0
DA:103,0
DA:106,0
DA:107,0
DA:114,0
LF:19
LH:0
BRDA:33,0,0,0
BRDA:35,1,0,0
BRDA:36,2,0,0
BRDA:38,3,0,0
BRDA:39,4,0,0
BRDA:47,5,0,0
BRDA:47,5,1,0
BRDA:66,6,0,0
BRDA:66,6,1,0
BRDA:73,7,0,0
BRDA:73,7,1,0
BRDA:85,8,0,0
BRDA:85,8,1,0
BRDA:96,9,0,0
BRDA:96,9,1,0
BRDA:106,10,0,0
BRDA:106,10,1,0
BRF:17
BRH:0
end_of_record
TN:
SF:src/components/ui/Avatar.tsx
FN:24,Avatar
FN:89,(anonymous_1)
FNF:2
FNH:0
FNDA:0,Avatar
FNDA:0,(anonymous_1)
DA:8,0
DA:23,0
DA:37,0
DA:39,0
DA:41,0
DA:42,0
DA:44,0
DA:46,0
DA:49,0
DA:91,0
DA:103,0
LF:11
LH:0
BRDA:25,0,0,0
BRDA:27,1,0,0
BRDA:28,2,0,0
BRDA:29,3,0,0
BRDA:30,4,0,0
BRDA:31,5,0,0
BRDA:32,6,0,0
BRDA:39,7,0,0
BRDA:39,7,1,0
BRDA:39,8,0,0
BRDA:39,8,1,0
BRDA:42,9,0,0
BRDA:42,9,1,0
BRDA:46,10,0,0
BRDA:46,10,1,0
BRDA:56,11,0,0
BRDA:56,11,1,0
BRDA:61,12,0,0
BRDA:61,12,1,0
BRDA:69,13,0,0
BRDA:69,13,1,0
BRDA:71,14,0,0
BRDA:71,14,1,0
BRDA:73,15,0,0
BRDA:73,15,1,0
BRDA:92,16,0,0
BRDA:92,16,1,0
BRDA:92,16,2,0
BRDA:92,16,3,0
BRDA:92,16,4,0
BRDA:92,16,5,0
BRDA:92,16,6,0
BRF:32
BRH:0
end_of_record
TN:
SF:src/components/ui/Badge.tsx
FN:76,Badge
FN:92,(anonymous_1)
FNF:2
FNH:0
FNDA:0,Badge
FNDA:0,(anonymous_1)
DA:42,0
DA:87,0
DA:89,0
DA:92,0
DA:93,0
DA:138,0
DA:141,0
DA:144,0
DA:150,0
DA:153,0
DA:157,0
DA:160,0
DA:161,0
DA:180,0
LF:14
LH:0
BRDA:79,0,0,0
BRDA:80,1,0,0
BRDA:81,2,0,0
BRDA:82,3,0,0
BRDA:83,4,0,0
BRDA:95,5,0,0
BRDA:95,5,1,0
BRDA:97,6,0,0
BRDA:97,6,1,0
BRDA:102,7,0,0
BRDA:102,7,1,0
BRDA:103,8,0,0
BRDA:103,8,1,0
BRDA:104,9,0,0
BRDA:104,9,1,0
BRDA:109,10,0,0
BRDA:109,10,1,0
BRDA:111,11,0,0
BRDA:111,11,1,0
BRDA:116,12,0,0
BRDA:116,12,1,0
BRDA:118,13,0,0
BRDA:118,13,1,0
BRDA:123,14,0,0
BRDA:123,14,1,0
BRDA:125,15,0,0
BRDA:125,15,1,0
BRDA:130,16,0,0
BRDA:130,16,1,0
BRDA:131,17,0,0
BRDA:131,17,1,0
BRDA:132,18,0,0
BRDA:132,18,1,0
BRDA:134,19,0,0
BRDA:134,19,1,0
BRDA:144,20,0,0
BRDA:144,20,1,0
BRDA:145,21,0,0
BRDA:145,21,1,0
BRDA:150,22,0,0
BRDA:150,22,1,0
BRDA:153,23,0,0
BRDA:153,23,1,0
BRDA:154,24,0,0
BRDA:154,24,1,0
BRDA:155,25,0,0
BRDA:155,25,1,0
BRDA:157,26,0,0
BRDA:157,26,1,0
BRDA:160,27,0,0
BRDA:160,27,1,0
BRDA:170,28,0,0
BRDA:170,28,1,0
BRDA:171,29,0,0
BRDA:171,29,1,0
BRDA:190,30,0,0
BRDA:190,30,1,0
BRDA:191,31,0,0
BRDA:191,31,1,0
BRDA:202,32,0,0
BRDA:202,32,1,0
BRF:61
BRH:0
end_of_record
TN:
SF:src/components/ui/Button.tsx
FN:138,Button
FN:159,(anonymous_1)
FN:178,(anonymous_2)
FN:182,(anonymous_3)
FN:186,(anonymous_4)
FN:197,(anonymous_5)
FN:307,(anonymous_6)
FN:311,(anonymous_7)
FN:326,(anonymous_8)
FNF:9
FNH:0
FNDA:0,Button
FNDA:0,(anonymous_1)
FNDA:0,(anonymous_2)
FNDA:0,(anonymous_3)
FNDA:0,(anonymous_4)
FNDA:0,(anonymous_5)
FNDA:0,(anonymous_6)
FNDA:0,(anonymous_7)
FNDA:0,(anonymous_8)
DA:101,0
DA:132,0
DA:152,0
DA:155,0
DA:156,0
DA:159,0
DA:160,0
DA:161,0
DA:178,0
DA:179,0
DA:182,0
DA:183,0
DA:186,0
DA:187,0
DA:188,0
DA:189,0
DA:193,0
DA:194,0
DA:197,0
DA:198,0
DA:199,0
DA:200,0
DA:201,0
DA:203,0
DA:304,0
DA:307,0
DA:311,0
DA:316,0
DA:323,0
DA:326,0
DA:327,0
DA:364,0
DA:376,0
DA:377,0
DA:407,0
DA:408,0
DA:460,0
LF:37
LH:0
BRDA:141,0,0,0
BRDA:142,1,0,0
BRDA:144,2,0,0
BRDA:145,3,0,0
BRDA:146,4,0,0
BRDA:147,5,0,0
BRDA:160,6,0,0
BRDA:160,6,1,0
BRDA:160,7,0,0
BRDA:160,7,1,0
BRDA:187,8,0,0
BRDA:187,8,1,0
BRDA:187,9,0,0
BRDA:187,9,1,0
BRDA:194,10,0,0
BRDA:194,10,1,0
BRDA:244,11,0,0
BRDA:244,11,1,0
BRDA:268,12,0,0
BRDA:268,12,1,0
BRDA:269,13,0,0
BRDA:269,13,1,0
BRDA:280,14,0,0
BRDA:280,14,1,0
BRDA:292,15,0,0
BRDA:292,15,1,0
BRDA:317,16,0,0
BRDA:317,16,1,0
BRDA:318,17,0,0
BRDA:318,17,1,0
BRDA:318,18,0,0
BRDA:318,18,1,0
BRDA:323,19,0,0
BRDA:323,19,1,0
BRDA:328,20,0,0
BRDA:328,20,1,0
BRDA:332,21,0,0
BRDA:332,21,1,0
BRDA:332,21,2,0
BRDA:350,22,0,0
BRDA:350,22,1,0
BRDA:350,22,2,0
BRDA:372,23,0,0
BRDA:372,23,1,0
BRDA:376,24,0,0
BRDA:376,24,1,0
BRDA:376,25,0,0
BRDA:376,25,1,0
BRDA:386,26,0,0
BRDA:386,26,1,0
BRDA:407,27,0,0
BRDA:407,27,1,0
BRDA:409,28,0,0
BRDA:409,28,1,0
BRDA:442,29,0,0
BRDA:442,29,1,0
BRDA:445,30,0,0
BRDA:445,30,1,0
BRDA:447,31,0,0
BRDA:447,31,1,0
BRDA:471,32,0,0
BRDA:471,32,1,0
BRDA:474,33,0,0
BRDA:474,33,1,0
BRDA:476,34,0,0
BRDA:476,34,1,0
BRF:66
BRH:0
end_of_record
TN:
SF:src/components/ui/Card.tsx
FN:68,Card
FN:83,(anonymous_1)
FN:92,(anonymous_2)
FN:126,(anonymous_3)
FNF:4
FNH:0
FNDA:0,Card
FNDA:0,(anonymous_1)
FNDA:0,(anonymous_2)
FNDA:0,(anonymous_3)
DA:33,0
DA:40,0
DA:80,0
DA:82,0
DA:83,0
DA:91,0
DA:92,0
DA:124,0
DA:126,0
DA:127,0
DA:128,0
DA:129,0
DA:134,0
DA:139,0
DA:141,0
DA:150,0
DA:151,0
DA:157,0
DA:160,0
DA:161,0
DA:168,0
LF:21
LH:0
BRDA:69,0,0,0
BRDA:71,1,0,0
BRDA:72,2,0,0
BRDA:74,3,0,0
BRDA:75,4,0,0
BRDA:84,5,0,0
BRDA:84,5,1,0
BRDA:98,6,0,0
BRDA:98,6,1,0
BRDA:99,7,0,0
BRDA:99,7,1,0
BRDA:101,8,0,0
BRDA:101,8,1,0
BRDA:106,9,0,0
BRDA:106,9,1,0
BRDA:111,10,0,0
BRDA:111,10,1,0
BRDA:111,11,0,0
BRDA:111,11,1,0
BRDA:116,12,0,0
BRDA:116,12,1,0
BRDA:127,13,0,0
BRDA:127,13,1,0
BRDA:139,14,0,0
BRDA:139,14,1,0
BRDA:150,15,0,0
BRDA:150,15,1,0
BRDA:160,16,0,0
BRDA:160,16,1,0
BRF:29
BRH:0
end_of_record
TN:
SF:src/components/ui/Chip.tsx
FN:18,Chip
FN:30,(anonymous_1)
FN:44,(anonymous_2)
FN:117,(anonymous_3)
FNF:4
FNH:0
FNDA:0,Chip
FNDA:0,(anonymous_1)
FNDA:0,(anonymous_2)
FNDA:0,(anonymous_3)
DA:28,0
DA:30,0
DA:31,0
DA:32,0
DA:33,0
DA:37,0
DA:42,0
DA:44,0
DA:45,0
DA:46,0
DA:53,0
DA:55,0
DA:61,0
DA:67,0
DA:75,0
DA:78,0
DA:115,0
DA:116,0
DA:117,0
DA:123,0
LF:20
LH:0
BRDA:21,0,0,0
BRDA:24,1,0,0
BRDA:26,2,0,0
BRDA:31,3,0,0
BRDA:31,3,1,0
BRDA:45,4,0,0
BRDA:45,4,1,0
BRDA:47,5,0,0
BRDA:47,5,1,0
BRDA:49,6,0,0
BRDA:49,6,1,0
BRDA:53,7,0,0
BRDA:53,7,1,0
BRDA:53,7,2,0
BRDA:57,8,0,0
BRDA:57,8,1,0
BRDA:63,9,0,0
BRDA:63,9,1,0
BRDA:83,10,0,0
BRDA:83,10,1,0
BRDA:90,11,0,0
BRDA:90,11,1,0
BRDA:95,12,0,0
BRDA:95,12,1,0
BRDA:95,12,2,0
BRDA:107,13,0,0
BRDA:107,13,1,0
BRDA:115,14,0,0
BRDA:115,14,1,0
BRDA:117,15,0,0
BRDA:117,15,1,0
BRF:31
BRH:0
end_of_record
TN:
SF:src/components/ui/EmptyState.tsx
FN:49,EmptyState
FN:61,(anonymous_1)
FN:148,(anonymous_2)
FNF:3
FNH:0
FNDA:0,EmptyState
FNDA:0,(anonymous_1)
FNDA:0,(anonymous_2)
DA:59,0
DA:61,0
DA:62,0
DA:63,0
DA:64,0
DA:69,0
DA:70,0
DA:71,0
DA:72,0
DA:73,0
DA:74,0
DA:77,0
DA:78,0
DA:79,0
DA:82,0
DA:148,0
DA:176,0
DA:177,0
DA:184,0
LF:19
LH:0
BRDA:50,0,0,0
BRDA:55,1,0,0
BRDA:56,2,0,0
BRDA:62,3,0,0
BRDA:62,3,1,0
BRDA:69,4,0,0
BRDA:69,4,1,0
BRDA:70,5,0,0
BRDA:70,5,1,0
BRDA:71,6,0,0
BRDA:71,6,1,0
BRDA:72,7,0,0
BRDA:72,7,1,0
BRDA:77,8,0,0
BRDA:77,8,1,0
BRDA:78,9,0,0
BRDA:78,9,1,0
BRDA:79,10,0,0
BRDA:79,10,1,0
BRDA:84,11,0,0
BRDA:84,11,1,0
BRDA:92,12,0,0
BRDA:92,12,1,0
BRDA:103,13,0,0
BRDA:103,13,1,0
BRDA:112,14,0,0
BRDA:112,14,1,0
BRDA:117,15,0,0
BRDA:117,15,1,0
BRDA:117,16,0,0
BRDA:117,16,1,0
BRDA:125,17,0,0
BRDA:125,17,1,0
BRDA:127,18,0,0
BRDA:127,18,1,0
BRDA:132,19,0,0
BRDA:132,19,1,0
BRDA:142,20,0,0
BRDA:142,20,1,0
BRDA:142,20,2,0
BRDA:143,21,0,0
BRDA:143,21,1,0
BRDA:156,22,0,0
BRDA:156,22,1,0
BRDA:157,23,0,0
BRDA:157,23,1,0
BRDA:176,24,0,0
BRDA:176,24,1,0
BRDA:178,25,0,0
BRDA:178,25,1,0
BRF:50
BRH:0
end_of_record
TN:
SF:src/components/ui/ErrorState.tsx
FN:18,ErrorState
FNF:1
FNH:0
FNDA:0,ErrorState
DA:24,0
LF:1
LH:0
BRDA:19,0,0,0
BRDA:20,1,0,0
BRDA:22,2,0,0
BRDA:58,3,0,0
BRDA:58,3,1,0
BRDA:71,4,0,0
BRDA:71,4,1,0
BRF:7
BRH:0
end_of_record
TN:
SF:src/components/ui/FAB.tsx
FN:63,FAB
FN:78,(anonymous_1)
FN:85,(anonymous_2)
FN:119,(anonymous_3)
FNF:4
FNH:0
FNDA:0,FAB
FNDA:0,(anonymous_1)
FNDA:0,(anonymous_2)
FNDA:0,(anonymous_3)
DA:44,0
DA:74,0
DA:76,0
DA:78,0
DA:79,0
DA:80,0
DA:81,0
DA:85,0
DA:86,0
DA:88,0
DA:94,0
DA:102,0
DA:110,0
DA:113,0
DA:119,0
DA:157,0
DA:158,0
DA:165,0
LF:18
LH:0
BRDA:64,0,0,0
BRDA:66,1,0,0
BRDA:67,2,0,0
BRDA:68,3,0,0
BRDA:69,4,0,0
BRDA:70,5,0,0
BRDA:72,6,0,0
BRDA:79,7,0,0
BRDA:79,7,1,0
BRDA:86,8,0,0
BRDA:86,8,1,0
BRDA:86,8,2,0
BRDA:86,8,3,0
BRDA:89,9,0,0
BRDA:89,9,1,0
BRDA:126,10,0,0
BRDA:126,10,1,0
BRDA:126,11,0,0
BRDA:126,11,1,0
BRDA:127,12,0,0
BRDA:127,12,1,0
BRDA:127,13,0,0
BRDA:127,13,1,0
BRDA:129,14,0,0
BRDA:129,14,1,0
BRDA:137,15,0,0
BRDA:137,15,1,0
BRDA:157,16,0,0
BRDA:157,16,1,0
BRF:29
BRH:0
end_of_record
TN:
SF:src/components/ui/GlowEffect.tsx
FN:37,GlowEffect
FN:48,(anonymous_1)
FN:67,(anonymous_2)
FN:105,PulseGlow
FN:114,(anonymous_4)
FN:134,(anonymous_5)
FN:178,ShimmerEffect
FN:188,(anonymous_7)
FN:199,(anonymous_8)
FNF:9
FNH:0
FNDA:0,GlowEffect
FNDA:0,(anonymous_1)
FNDA:0,(anonymous_2)
FNDA:0,PulseGlow
FNDA:0,(anonymous_4)
FNDA:0,(anonymous_5)
FNDA:0,ShimmerEffect
FNDA:0,(anonymous_7)
FNDA:0,(anonymous_8)
DA:46,0
DA:48,0
DA:49,0
DA:50,0
DA:67,0
DA:71,0
DA:111,0
DA:112,0
DA:114,0
DA:115,0
DA:124,0
DA:134,0
DA:139,0
DA:186,0
DA:188,0
DA:189,0
DA:199,0
DA:203,0
DA:225,0
LF:19
LH:0
BRDA:39,0,0,0
BRDA:40,1,0,0
BRDA:41,2,0,0
BRDA:42,3,0,0
BRDA:43,4,0,0
BRDA:49,5,0,0
BRDA:49,5,1,0
BRDA:107,6,0,0
BRDA:108,7,0,0
BRDA:182,8,0,0
BRDA:183,9,0,0
BRF:11
BRH:0
end_of_record
TN:
SF:src/components/ui/IconButton.tsx
FN:29,IconButton
FN:43,(anonymous_1)
FN:86,(anonymous_2)
FN:122,(anonymous_3)
FNF:4
FNH:0
FNDA:0,IconButton
FNDA:0,(anonymous_1)
FNDA:0,(anonymous_2)
FNDA:0,(anonymous_3)
DA:23,0
DA:40,0
DA:43,0
DA:44,0
DA:77,0
DA:80,0
DA:86,0
DA:87,0
DA:88,0
DA:89,0
DA:93,0
DA:95,0
DA:115,0
DA:117,0
DA:122,0
LF:15
LH:0
BRDA:32,0,0,0
BRDA:33,1,0,0
BRDA:36,2,0,0
BRDA:77,3,0,0
BRDA:77,3,1,0
BRDA:81,4,0,0
BRDA:81,4,1,0
BRDA:87,5,0,0
BRDA:87,5,1,0
BRDA:98,6,0,0
BRDA:98,6,1,0
BRDA:101,7,0,0
BRDA:101,7,1,0
BRDA:102,8,0,0
BRDA:102,8,1,0
BRDA:105,9,0,0
BRDA:105,9,1,0
BRDA:106,10,0,0
BRDA:106,10,1,0
BRDA:110,11,0,0
BRDA:110,11,1,0
BRDA:127,12,0,0
BRDA:127,12,1,0
BRDA:128,13,0,0
BRDA:128,13,1,0
BRDA:131,14,0,0
BRDA:131,14,1,0
BRDA:131,15,0,0
BRDA:131,15,1,0
BRF:29
BRH:0
end_of_record
TN:
SF:src/components/ui/Input.tsx
FN:39,Input
FN:55,(anonymous_1)
FN:62,(anonymous_2)
FN:111,(anonymous_3)
FN:115,(anonymous_4)
FNF:5
FNH:0
FNDA:0,Input
FNDA:0,(anonymous_1)
FNDA:0,(anonymous_2)
FNDA:0,(anonymous_3)
FNDA:0,(anonymous_4)
DA:51,0
DA:52,0
DA:55,0
DA:56,0
DA:57,0
DA:58,0
DA:59,0
DA:62,0
DA:63,0
DA:64,0
DA:65,0
DA:68,0
DA:112,0
DA:113,0
DA:116,0
DA:117,0
LF:16
LH:0
BRDA:43,0,0,0
BRDA:47,1,0,0
BRDA:48,2,0,0
BRDA:56,3,0,0
BRDA:56,3,1,0
BRDA:57,4,0,0
BRDA:57,4,1,0
BRDA:58,5,0,0
BRDA:58,5,1,0
BRDA:63,6,0,0
BRDA:63,6,1,0
BRDA:64,7,0,0
BRDA:64,7,1,0
BRDA:69,8,0,0
BRDA:69,8,1,0
BRDA:71,9,0,0
BRDA:71,9,1,0
BRDA:89,10,0,0
BRDA:89,10,1,0
BRDA:98,11,0,0
BRDA:98,11,1,0
BRDA:122,12,0,0
BRDA:122,12,1,0
BRDA:129,13,0,0
BRDA:129,13,1,0
BRDA:146,14,0,0
BRDA:146,14,1,0
BRDA:146,14,2,0
BRDA:155,15,0,0
BRDA:155,15,1,0
BRF:30
BRH:0
end_of_record
TN:
SF:src/components/ui/LoadingDots.tsx
FN:47,LoadingDots
FN:59,(anonymous_1)
FN:96,(anonymous_2)
FN:116,AnimatedDot
FN:120,(anonymous_4)
FN:148,(anonymous_5)
FNF:6
FNH:0
FNDA:0,LoadingDots
FNDA:0,(anonymous_1)
FNDA:0,(anonymous_2)
FNDA:0,AnimatedDot
FNDA:0,(anonymous_4)
FNDA:0,(anonymous_5)
DA:33,0
DA:54,0
DA:56,0
DA:59,0
DA:60,0
DA:63,0
DA:72,0
DA:76,0
DA:82,0
DA:85,0
DA:97,0
DA:117,0
DA:118,0
DA:120,0
DA:122,0
DA:135,0
DA:148,0
DA:153,0
LF:18
LH:0
BRDA:48,0,0,0
BRDA:49,1,0,0
BRDA:51,2,0,0
BRDA:60,3,0,0
BRDA:60,3,1,0
BRDA:63,4,0,0
BRDA:63,4,1,0
BRDA:65,5,0,0
BRDA:65,5,1,0
BRDA:66,6,0,0
BRDA:66,6,1,0
BRDA:72,7,0,0
BRDA:72,7,1,0
BRDA:76,8,0,0
BRDA:76,8,1,0
BRDA:78,9,0,0
BRDA:78,9,1,0
BRDA:102,10,0,0
BRDA:102,10,1,0
BRF:19
BRH:0
end_of_record
TN:
SF:src/components/ui/LoadingState.tsx
FN:16,LoadingState
FNF:1
FNH:0
FNDA:0,LoadingState
DA:18,0
DA:41,0
DA:42,0
DA:56,0
LF:4
LH:0
BRDA:16,0,0,0
BRDA:16,1,0,0
BRDA:26,2,0,0
BRDA:26,2,1,0
BRDA:41,3,0,0
BRDA:41,3,1,0
BRF:6
BRH:0
end_of_record
TN:
SF:src/components/ui/PremiumCard.tsx
FN:51,PremiumCard
FN:69,(anonymous_1)
FN:117,(anonymous_2)
FN:122,(anonymous_3)
FN:127,(anonymous_4)
FN:134,(anonymous_5)
FN:138,(anonymous_6)
FN:239,GlassCard
FN:256,AccentCard
FNF:9
FNH:0
FNDA:0,PremiumCard
FNDA:0,(anonymous_1)
FNDA:0,(anonymous_2)
FNDA:0,(anonymous_3)
FNDA:0,(anonymous_4)
FNDA:0,(anonymous_5)
FNDA:0,(anonymous_6)
FNDA:0,GlassCard
FNDA:0,AccentCard
DA:49,0
DA:64,0
DA:65,0
DA:66,0
DA:69,0
DA:70,0
DA:72,0
DA:78,0
DA:88,0
DA:94,0
DA:102,0
DA:105,0
DA:113,0
DA:117,0
DA:118,0
DA:119,0
DA:122,0
DA:123,0
DA:124,0
DA:127,0
DA:128,0
DA:129,0
DA:131,0
DA:134,0
DA:138,0
DA:139,0
DA:150,0
DA:156,0
DA:179,0
DA:204,0
DA:205,0
DA:222,0
DA:240,0
DA:257,0
DA:269,0
LF:35
LH:0
BRDA:53,0,0,0
BRDA:54,1,0,0
BRDA:56,2,0,0
BRDA:57,3,0,0
BRDA:58,4,0,0
BRDA:59,5,0,0
BRDA:70,6,0,0
BRDA:70,6,1,0
BRDA:70,6,2,0
BRDA:70,6,3,0
BRDA:73,7,0,0
BRDA:73,7,1,0
BRDA:74,8,0,0
BRDA:74,8,1,0
BRDA:79,9,0,0
BRDA:79,9,1,0
BRDA:82,10,0,0
BRDA:82,10,1,0
BRDA:85,11,0,0
BRDA:85,11,1,0
BRDA:95,12,0,0
BRDA:95,12,1,0
BRDA:96,13,0,0
BRDA:96,13,1,0
BRDA:97,14,0,0
BRDA:97,14,1,0
BRDA:113,15,0,0
BRDA:113,15,1,0
BRDA:113,16,0,0
BRDA:113,16,1,0
BRDA:128,17,0,0
BRDA:128,17,1,0
BRDA:144,18,0,0
BRDA:144,18,1,0
BRDA:151,19,0,0
BRDA:151,19,1,0
BRDA:162,20,0,0
BRDA:162,20,1,0
BRDA:179,21,0,0
BRDA:179,21,1,0
BRDA:204,22,0,0
BRDA:204,22,1,0
BRDA:204,23,0,0
BRDA:204,23,1,0
BRF:44
BRH:0
end_of_record
TN:
SF:src/components/ui/PressableScale.tsx
FN:58,PressableScale
FN:74,(anonymous_1)
FN:105,(anonymous_2)
FN:114,(anonymous_3)
FN:122,(anonymous_4)
FNF:5
FNH:0
FNDA:0,PressableScale
FNDA:0,(anonymous_1)
FNDA:0,(anonymous_2)
FNDA:0,(anonymous_3)
FNDA:0,(anonymous_4)
DA:31,1
DA:56,1
DA:70,0
DA:71,0
DA:74,0
DA:75,0
DA:77,0
DA:78,0
DA:80,0
DA:81,0
DA:83,0
DA:84,0
DA:86,0
DA:87,0
DA:89,0
DA:90,0
DA:92,0
DA:93,0
DA:95,0
DA:96,0
DA:104,0
DA:106,0
DA:107,0
DA:108,0
DA:113,0
DA:115,0
DA:116,0
DA:122,0
DA:126,0
LF:29
LH:2
BRDA:63,0,0,0
BRDA:64,1,0,0
BRDA:65,2,0,0
BRDA:75,3,0,0
BRDA:75,3,1,0
BRDA:75,4,0,0
BRDA:75,4,1,0
BRDA:78,5,0,0
BRDA:78,5,1,0
BRDA:78,5,2,0
BRDA:78,5,3,0
BRDA:78,5,4,0
BRDA:78,5,5,0
BRF:13
BRH:0
end_of_record
TN:
SF:src/components/ui/RowCard.tsx
FN:49,RowCard
FN:65,(anonymous_1)
FN:88,(anonymous_2)
FNF:3
FNH:0
FNDA:0,RowCard
FNDA:0,(anonymous_1)
FNDA:0,(anonymous_2)
DA:63,0
DA:65,0
DA:66,0
DA:67,0
DA:71,0
DA:72,0
DA:73,0
DA:74,0
DA:75,0
DA:76,0
DA:77,0
DA:78,0
DA:80,0
DA:88,0
LF:14
LH:0
BRDA:58,0,0,0
BRDA:71,1,0,0
BRDA:71,1,1,0
BRDA:71,2,0,0
BRDA:71,2,1,0
BRDA:72,3,0,0
BRDA:72,3,1,0
BRDA:72,4,0,0
BRDA:72,4,1,0
BRDA:73,5,0,0
BRDA:73,5,1,0
BRDA:73,6,0,0
BRDA:73,6,1,0
BRDA:74,7,0,0
BRDA:74,7,1,0
BRDA:74,8,0,0
BRDA:74,8,1,0
BRDA:75,9,0,0
BRDA:75,9,1,0
BRDA:76,10,0,0
BRDA:76,10,1,0
BRDA:77,11,0,0
BRDA:77,11,1,0
BRDA:77,12,0,0
BRDA:77,12,1,0
BRDA:78,13,0,0
BRDA:78,13,1,0
BRDA:84,14,0,0
BRDA:84,14,1,0
BRDA:98,15,0,0
BRDA:98,15,1,0
BRDA:99,16,0,0
BRDA:99,16,1,0
BRDA:122,17,0,0
BRDA:122,17,1,0
BRDA:130,18,0,0
BRDA:130,18,1,0
BRDA:135,19,0,0
BRDA:135,19,1,0
BRDA:157,20,0,0
BRDA:157,20,1,0
BRDA:176,21,0,0
BRDA:176,21,1,0
BRF:43
BRH:0
end_of_record
TN:
SF:src/components/ui/ScreenHeader.tsx
FN:61,ScreenHeader
FN:75,(anonymous_1)
FN:117,(anonymous_2)
FN:120,(anonymous_3)
FN:202,(anonymous_4)
FN:205,(anonymous_5)
FN:208,(anonymous_6)
FNF:7
FNH:0
FNDA:0,ScreenHeader
FNDA:0,(anonymous_1)
FNDA:0,(anonymous_2)
FNDA:0,(anonymous_3)
FNDA:0,(anonymous_4)
FNDA:0,(anonymous_5)
FNDA:0,(anonymous_6)
DA:73,0
DA:75,0
DA:76,0
DA:77,0
DA:82,0
DA:88,0
DA:89,0
DA:92,0
DA:95,0
DA:117,0
DA:120,0
DA:203,0
DA:205,0
DA:208,0
DA:267,0
DA:268,0
DA:275,0
LF:17
LH:0
BRDA:68,0,0,0
BRDA:70,1,0,0
BRDA:82,2,0,0
BRDA:82,2,1,0
BRDA:84,3,0,0
BRDA:84,3,1,0
BRDA:88,4,0,0
BRDA:88,4,1,0
BRDA:89,5,0,0
BRDA:89,5,1,0
BRDA:92,6,0,0
BRDA:92,6,1,0
BRDA:115,7,0,0
BRDA:115,7,1,0
BRDA:118,8,0,0
BRDA:118,8,1,0
BRDA:127,9,0,0
BRDA:127,9,1,0
BRDA:128,10,0,0
BRDA:128,10,1,0
BRDA:132,11,0,0
BRDA:132,11,1,0
BRDA:138,12,0,0
BRDA:138,12,1,0
BRDA:143,13,0,0
BRDA:143,13,1,0
BRDA:159,14,0,0
BRDA:159,14,1,0
BRDA:162,15,0,0
BRDA:162,15,1,0
BRDA:162,15,2,0
BRDA:183,16,0,0
BRDA:183,16,1,0
BRDA:200,17,0,0
BRDA:200,17,1,0
BRDA:200,17,2,0
BRDA:206,18,0,0
BRDA:206,18,1,0
BRDA:214,19,0,0
BRDA:214,19,1,0
BRDA:215,20,0,0
BRDA:215,20,1,0
BRDA:216,21,0,0
BRDA:216,21,1,0
BRDA:219,22,0,0
BRDA:219,22,1,0
BRDA:223,23,0,0
BRDA:223,23,1,0
BRDA:224,24,0,0
BRDA:224,24,1,0
BRDA:225,25,0,0
BRDA:225,25,1,0
BRDA:231,26,0,0
BRDA:231,26,1,0
BRDA:233,27,0,0
BRDA:233,27,1,0
BRDA:233,27,2,0
BRDA:255,28,0,0
BRDA:255,28,1,0
BRDA:267,29,0,0
BRDA:267,29,1,0
BRF:61
BRH:0
end_of_record
TN:
SF:src/components/ui/SectionHeader.tsx
FN:18,SectionHeader
FN:27,(anonymous_1)
FN:82,(anonymous_2)
FNF:3
FNH:0
FNDA:0,SectionHeader
FNDA:0,(anonymous_1)
FNDA:0,(anonymous_2)
DA:25,0
DA:27,0
DA:28,0
DA:29,0
DA:30,0
DA:34,0
DA:82,0
LF:7
LH:0
BRDA:28,0,0,0
BRDA:28,0,1,0
BRDA:44,1,0,0
BRDA:44,1,1,0
BRDA:47,2,0,0
BRDA:47,2,1,0
BRDA:47,2,2,0
BRDA:51,3,0,0
BRDA:51,3,1,0
BRDA:58,4,0,0
BRDA:58,4,1,0
BRDA:65,5,0,0
BRDA:65,5,1,0
BRDA:68,6,0,0
BRDA:68,6,1,0
BRDA:79,7,0,0
BRDA:79,7,1,0
BRDA:85,8,0,0
BRDA:85,8,1,0
BRF:19
BRH:0
end_of_record
TN:
SF:src/components/ui/SkeletonLoader.tsx
FN:17,SkeletonLoader
FN:25,(anonymous_1)
FN:41,(anonymous_2)
FN:68,CardSkeleton
FN:88,ListSkeleton
FN:91,(anonymous_5)
FNF:6
FNH:0
FNDA:0,SkeletonLoader
FNDA:0,(anonymous_1)
FNDA:0,(anonymous_2)
FNDA:0,CardSkeleton
FNDA:0,ListSkeleton
FNDA:0,(anonymous_5)
DA:23,0
DA:25,0
DA:26,0
DA:40,0
DA:41,0
DA:44,0
DA:49,0
DA:69,0
DA:89,0
DA:92,0
LF:10
LH:0
BRDA:18,0,0,0
BRDA:19,1,0,0
BRDA:20,2,0,0
BRDA:88,3,0,0
BRF:4
BRH:0
end_of_record
TN:
SF:src/components/ui/Text.tsx
FN:49,Text
FN:63,(anonymous_1)
FNF:2
FNH:0
FNDA:0,Text
FNDA:0,(anonymous_1)
DA:18,0
DA:28,0
DA:58,0
DA:60,0
DA:63,0
DA:64,0
DA:66,0
DA:75,0
DA:78,0
LF:9
LH:0
BRDA:50,0,0,0
BRDA:52,1,0,0
BRDA:53,2,0,0
BRDA:64,3,0,0
BRDA:64,3,1,0
BRDA:75,4,0,0
BRDA:75,4,1,0
BRDA:85,5,0,0
BRDA:85,5,1,0
BRDA:87,6,0,0
BRDA:87,6,1,0
BRF:11
BRH:0
end_of_record
TN:
SF:src/components/ui/Toast.tsx
FN:48,Toast
FN:52,(anonymous_1)
FN:64,(anonymous_2)
FN:69,(anonymous_3)
FN:87,(anonymous_4)
FN:91,(anonymous_5)
FN:138,(anonymous_6)
FNF:7
FNH:0
FNDA:0,Toast
FNDA:0,(anonymous_1)
FNDA:0,(anonymous_2)
FNDA:0,(anonymous_3)
FNDA:0,(anonymous_4)
FNDA:0,(anonymous_5)
FNDA:0,(anonymous_6)
DA:12,0
DA:13,0
DA:14,0
DA:15,0
DA:16,0
DA:34,0
DA:41,0
DA:49,0
DA:50,0
DA:52,0
DA:53,0
DA:65,0
DA:69,0
DA:71,0
DA:86,0
DA:87,0
DA:88,0
DA:91,0
DA:94,0
DA:97,0
DA:98,0
DA:100,0
DA:139,0
DA:140,0
LF:24
LH:0
BRDA:48,0,0,0
BRDA:48,1,0,0
BRDA:86,2,0,0
BRDA:86,2,1,0
BRDA:136,3,0,0
BRDA:136,3,1,0
BRF:6
BRH:0
end_of_record
TN:
SF:src/config/admin.ts
FN:25,isUserAdmin
FN:36,(anonymous_1)
FNF:2
FNH:0
FNDA:0,isUserAdmin
FNDA:0,(anonymous_1)
DA:10,0
DA:16,0
DA:27,0
DA:28,0
DA:29,0
DA:34,0
DA:35,0
DA:36,0
DA:37,0
DA:41,0
LF:10
LH:0
BRDA:27,0,0,0
BRDA:27,0,1,0
BRDA:27,1,0,0
BRDA:27,1,1,0
BRDA:28,2,0,0
BRDA:28,2,1,0
BRDA:34,3,0,0
BRDA:34,3,1,0
BRDA:34,4,0,0
BRDA:34,4,1,0
BRDA:36,5,0,0
BRDA:36,5,1,0
BRF:12
BRH:0
end_of_record
TN:
SF:src/config/community.ts
FNF:0
FNH:0
DA:18,0
DA:32,0
DA:98,0
LF:3
LH:0
BRF:0
BRH:0
end_of_record
TN:
SF:src/config/dev-bypass.ts
FN:41,(anonymous_0)
FN:56,(anonymous_1)
FN:64,(anonymous_2)
FN:72,(anonymous_3)
FNF:4
FNH:0
FNDA:0,(anonymous_0)
FNDA:0,(anonymous_1)
FNDA:0,(anonymous_2)
FNDA:0,(anonymous_3)
DA:16,0
DA:41,0
DA:42,0
DA:43,0
DA:46,0
DA:56,0
DA:57,0
DA:58,0
DA:64,0
DA:65,0
DA:66,0
DA:72,0
DA:73,0
DA:74,0
LF:14
LH:0
BRDA:43,0,0,0
BRDA:43,0,1,0
BRDA:43,1,0,0
BRDA:43,1,1,0
BRDA:47,2,0,0
BRDA:47,2,1,0
BRDA:47,2,2,0
BRDA:58,3,0,0
BRDA:58,3,1,0
BRDA:58,3,2,0
BRDA:66,4,0,0
BRDA:66,4,1,0
BRDA:66,4,2,0
BRDA:74,5,0,0
BRDA:74,5,1,0
BRDA:74,5,2,0
BRF:16
BRH:0
end_of_record
TN:
SF:src/config/env.ts
FN:75,(anonymous_0)
FN:85,getExtraConfig
FN:93,getFromStaticCache
FN:113,getEnv
FN:159,getEnvOrThrow
FN:175,getEnvWithDefault
FN:185,isEnvEnabled
FN:195,getSupabaseUrl
FN:203,getSupabaseFunctionsUrl
FN:216,getRevenueCatKey
FN:226,getImgurClientId
FN:234,validateRequiredEnvVars
FN:238,(anonymous_12)
FN:249,getEnvDebugInfo
FNF:14
FNH:13
FNDA:14,(anonymous_0)
FNDA:26,getExtraConfig
FNDA:36,getFromStaticCache
FNDA:26,getEnv
FNDA:3,getEnvOrThrow
FNDA:2,getEnvWithDefault
FNDA:3,isEnvEnabled
FNDA:2,getSupabaseUrl
FNDA:1,getSupabaseFunctionsUrl
FNDA:2,getRevenueCatKey
FNDA:1,getImgurClientId
FNDA:3,validateRequiredEnvVars
FNDA:7,(anonymous_12)
FNDA:0,getEnvDebugInfo
DA:24,1
DA:52,1
DA:72,1
DA:76,14
DA:77,14
DA:86,26
DA:94,36
DA:115,26
DA:116,26
DA:117,0
DA:121,26
DA:122,26
DA:123,10
DA:124,10
DA:125,0
DA:129,26
DA:130,26
DA:131,0
DA:135,26
DA:136,26
DA:137,7
DA:138,7
DA:139,6
DA:144,20
DA:145,20
DA:146,10
DA:149,10
DA:160,3
DA:161,3
DA:162,2
DA:166,1
DA:176,2
DA:186,3
DA:187,3
DA:188,2
DA:196,2
DA:204,1
DA:205,1
DA:207,1
DA:208,1
DA:210,0
DA:217,2
DA:218,1
DA:220,1
DA:227,1
DA:238,7
DA:239,3
DA:250,0
LF:48
LH:43
BRDA:116,0,0,0
BRDA:116,0,1,26
BRDA:116,1,0,26
BRDA:116,1,1,0
BRDA:122,2,0,10
BRDA:122,2,1,16
BRDA:124,3,0,0
BRDA:124,3,1,10
BRDA:124,4,0,10
BRDA:124,4,1,0
BRDA:130,5,0,0
BRDA:130,5,1,26
BRDA:136,6,0,7
BRDA:136,6,1,19
BRDA:138,7,0,6
BRDA:138,7,1,1
BRDA:138,8,0,7
BRDA:138,8,1,6
BRDA:145,9,0,10
BRDA:145,9,1,10
BRDA:145,10,0,20
BRDA:145,10,1,10
BRDA:161,11,0,2
BRDA:161,11,1,1
BRDA:163,12,0,2
BRDA:163,12,1,1
BRDA:176,13,0,2
BRDA:176,13,1,1
BRDA:187,14,0,1
BRDA:187,14,1,2
BRDA:205,15,0,0
BRDA:205,15,1,1
BRDA:208,16,0,1
BRDA:208,16,1,0
BRDA:217,17,0,1
BRDA:217,17,1,1
BRDA:218,18,0,1
BRDA:218,18,1,0
BRDA:220,19,0,1
BRDA:220,19,1,0
BRDA:251,20,0,0
BRDA:251,20,1,0
BRDA:252,21,0,0
BRDA:252,21,1,0
BRDA:255,22,0,0
BRDA:255,22,1,0
BRDA:258,23,0,0
BRDA:258,23,1,0
BRDA:261,24,0,0
BRDA:261,24,1,0
BRF:50
BRH:31
end_of_record
TN:
SF:src/config/nath-content.ts
FNF:0
FNH:0
DA:23,0
DA:34,0
DA:54,0
DA:80,0
DA:97,0
DA:119,0
LF:6
LH:0
BRF:0
BRH:0
end_of_record
TN:
SF:src/config/nath-journey-onboarding-data.ts
FNF:0
FNH:0
DA:13,0
DA:40,0
DA:85,0
DA:144,0
DA:182,0
LF:5
LH:0
BRF:0
BRH:0
end_of_record
TN:
SF:src/config/nathia.ts
FN:91,(anonymous_0)
FN:99,(anonymous_1)
FN:107,(anonymous_2)
FN:143,(anonymous_3)
FN:145,(anonymous_4)
FN:281,(anonymous_5)
FN:292,(anonymous_6)
FN:304,(anonymous_7)
FNF:8
FNH:0
FNDA:0,(anonymous_0)
FNDA:0,(anonymous_1)
FNDA:0,(anonymous_2)
FNDA:0,(anonymous_3)
FNDA:0,(anonymous_4)
FNDA:0,(anonymous_5)
FNDA:0,(anonymous_6)
FNDA:0,(anonymous_7)
DA:13,0
DA:69,0
DA:82,0
DA:91,0
DA:92,0
DA:93,0
DA:99,0
DA:102,0
DA:107,0
DA:113,0
DA:119,0
DA:128,0
DA:143,0
DA:144,0
DA:145,0
DA:151,0
DA:190,0
DA:224,0
DA:281,0
DA:285,0
DA:287,0
DA:292,0
DA:298,0
DA:304,0
DA:305,0
DA:312,0
LF:26
LH:0
BRDA:305,0,0,0
BRDA:305,0,1,0
BRF:2
BRH:0
end_of_record
TN:
SF:src/config/onboarding-data.ts
FNF:0
FNH:0
DA:5,0
DA:23,0
DA:39,0
DA:46,0
DA:58,0
DA:68,0
DA:75,0
DA:86,0
LF:8
LH:0
BRF:0
BRH:0
end_of_record
TN:
SF:src/context/ToastContext.tsx
FN:25,ToastProvider
FN:28,(anonymous_1)
FN:30,(anonymous_2)
FN:33,(anonymous_3)
FN:34,(anonymous_4)
FN:34,(anonymous_5)
FN:37,(anonymous_6)
FN:41,(anonymous_7)
FN:45,(anonymous_8)
FN:49,(anonymous_9)
FN:66,(anonymous_10)
FN:73,(anonymous_11)
FN:80,useToast
FNF:13
FNH:0
FNDA:0,ToastProvider
FNDA:0,(anonymous_1)
FNDA:0,(anonymous_2)
FNDA:0,(anonymous_3)
FNDA:0,(anonymous_4)
FNDA:0,(anonymous_5)
FNDA:0,(anonymous_6)
FNDA:0,(anonymous_7)
FNDA:0,(anonymous_8)
FNDA:0,(anonymous_9)
FNDA:0,(anonymous_10)
FNDA:0,(anonymous_11)
FNDA:0,useToast
DA:23,0
DA:26,0
DA:28,0
DA:29,0
DA:30,0
DA:33,0
DA:34,0
DA:37,0
DA:38,0
DA:41,0
DA:42,0
DA:45,0
DA:46,0
DA:49,0
DA:50,0
DA:53,0
DA:67,0
DA:73,0
DA:81,0
DA:82,0
DA:83,0
DA:85,0
LF:22
LH:0
BRDA:42,0,0,0
BRDA:42,0,1,0
BRDA:82,1,0,0
BRDA:82,1,1,0
BRF:4
BRH:0
end_of_record
TN:
SF:src/hooks/useAdmin.ts
FN:24,useAdmin
FN:25,(anonymous_1)
FN:26,(anonymous_2)
FN:27,(anonymous_3)
FN:29,(anonymous_4)
FNF:5
FNH:0
FNDA:0,useAdmin
FNDA:0,(anonymous_1)
FNDA:0,(anonymous_2)
FNDA:0,(anonymous_3)
FNDA:0,(anonymous_4)
DA:25,0
DA:26,0
DA:27,0
DA:29,0
DA:30,0
DA:31,0
DA:34,0
DA:38,0
DA:40,0
LF:9
LH:0
BRDA:30,0,0,0
BRDA:30,0,1,0
BRDA:38,1,0,0
BRDA:38,1,1,0
BRF:4
BRH:0
end_of_record
TN:
SF:src/hooks/useApiWithRetry.ts
FN:19,useApiWithRetry
FN:36,(anonymous_1)
FN:37,(anonymous_2)
FN:43,(anonymous_3)
FN:54,(anonymous_4)
FNF:5
FNH:0
FNDA:0,useApiWithRetry
FNDA:0,(anonymous_1)
FNDA:0,(anonymous_2)
FNDA:0,(anonymous_3)
FNDA:0,(anonymous_4)
DA:27,0
DA:28,0
DA:29,0
DA:30,0
DA:33,0
DA:36,0
DA:37,0
DA:38,0
DA:42,0
DA:45,0
DA:46,0
DA:49,0
DA:50,0
DA:52,0
DA:53,0
DA:54,0
DA:59,0
DA:60,0
DA:63,0
DA:66,0
DA:67,0
DA:72,0
DA:73,0
DA:75,0
DA:78,0
DA:79,0
DA:82,0
DA:83,0
DA:90,0
DA:94,0
DA:95,0
DA:100,0
DA:106,0
LF:33
LH:0
BRDA:21,0,0,0
BRDA:24,1,0,0
BRDA:25,2,0,0
BRDA:26,3,0,0
BRDA:45,4,0,0
BRDA:45,4,1,0
BRDA:59,5,0,0
BRDA:59,5,1,0
BRDA:66,6,0,0
BRDA:66,6,1,0
BRDA:72,7,0,0
BRDA:72,7,1,0
BRDA:82,8,0,0
BRDA:82,8,1,0
BRDA:94,9,0,0
BRDA:94,9,1,0
BRDA:96,10,0,0
BRDA:96,10,1,0
BRF:18
BRH:0
end_of_record
TN:
SF:src/hooks/useAsyncState.ts
FN:33,useAsyncState
FN:38,(anonymous_1)
FN:54,(anonymous_2)
FNF:3
FNH:0
FNDA:0,useAsyncState
FNDA:0,(anonymous_1)
FNDA:0,(anonymous_2)
DA:34,0
DA:35,0
DA:36,0
DA:38,0
DA:39,0
DA:40,0
DA:41,0
DA:42,0
DA:43,0
DA:44,0
DA:46,0
DA:47,0
DA:48,0
DA:50,0
DA:54,0
DA:55,0
DA:56,0
DA:57,0
DA:60,0
LF:19
LH:0
BRDA:46,0,0,0
BRDA:46,0,1,0
BRF:2
BRH:0
end_of_record
TN:
SF:src/hooks/useChatHandlers.ts
FN:26,useChatHandlers
FN:30,(anonymous_1)
FN:31,(anonymous_2)
FN:32,(anonymous_3)
FN:33,(anonymous_4)
FN:34,(anonymous_5)
FN:35,(anonymous_6)
FN:36,(anonymous_7)
FN:37,(anonymous_8)
FN:38,(anonymous_9)
FN:40,(anonymous_10)
FN:46,(anonymous_11)
FN:54,(anonymous_12)
FN:62,(anonymous_13)
FN:69,(anonymous_14)
FN:75,(anonymous_15)
FN:81,(anonymous_16)
FN:86,(anonymous_17)
FNF:18
FNH:0
FNDA:0,useChatHandlers
FNDA:0,(anonymous_1)
FNDA:0,(anonymous_2)
FNDA:0,(anonymous_3)
FNDA:0,(anonymous_4)
FNDA:0,(anonymous_5)
FNDA:0,(anonymous_6)
FNDA:0,(anonymous_7)
FNDA:0,(anonymous_8)
FNDA:0,(anonymous_9)
FNDA:0,(anonymous_10)
FNDA:0,(anonymous_11)
FNDA:0,(anonymous_12)
FNDA:0,(anonymous_13)
FNDA:0,(anonymous_14)
FNDA:0,(anonymous_15)
FNDA:0,(anonymous_16)
FNDA:0,(anonymous_17)
DA:27,0
DA:29,0
DA:30,0
DA:31,0
DA:32,0
DA:33,0
DA:34,0
DA:35,0
DA:36,0
DA:37,0
DA:38,0
DA:40,0
DA:41,0
DA:42,0
[...]
FNDA:0,(anonymous_14)
FNDA:0,(anonymous_15)
FNDA:0,(anonymous_16)
FNDA:0,(anonymous_17)
FNDA:0,(anonymous_18)
FNDA:0,(anonymous_19)
FNDA:0,(anonymous_20)
FNDA:0,(anonymous_21)
FNDA:0,(anonymous_22)
FNDA:0,(anonymous_23)
DA:20,0
DA:31,0
DA:48,0
DA:50,0
DA:55,0
DA:68,0
DA:77,0
DA:81,0
DA:85,0
DA:89,0
DA:93,0
DA:101,0
DA:103,0
DA:105,0
DA:106,0
DA:107,0
DA:108,0
DA:110,0
DA:115,0
DA:116,0
DA:117,0
DA:125,0
DA:129,0
DA:130,0
DA:133,0
DA:149,0
DA:159,0
DA:165,0
DA:167,0
DA:173,0
DA:178,0
DA:187,0
DA:188,0
DA:190,0
DA:202,0
DA:209,0
DA:211,0
DA:212,0
DA:214,0
DA:232,0
DA:239,0
DA:241,0
DA:255,0
DA:256,0
DA:257,0
DA:258,0
DA:259,0
LF:47
LH:0
BRDA:59,0,0,0
BRDA:59,0,1,0
BRDA:111,1,0,0
BRDA:111,1,1,0
BRDA:115,2,0,0
BRDA:115,2,1,0
BRDA:134,3,0,0
BRDA:134,3,1,0
BRDA:135,4,0,0
BRDA:135,4,1,0
BRDA:137,5,0,0
BRDA:137,5,1,0
BRDA:140,6,0,0
BRDA:140,6,1,0
BRDA:142,7,0,0
BRDA:142,7,1,0
BRDA:143,8,0,0
BRDA:143,8,1,0
BRDA:145,9,0,0
BRDA:145,9,1,0
BRDA:146,10,0,0
BRDA:146,10,1,0
BRDA:170,11,0,0
BRDA:170,11,1,0
BRDA:193,12,0,0
BRDA:193,12,1,0
BRDA:209,13,0,0
BRDA:209,13,1,0
BRDA:217,14,0,0
BRDA:217,14,1,0
BRDA:218,15,0,0
BRDA:218,15,1,0
BRDA:219,16,0,0
BRDA:219,16,1,0
BRDA:225,17,0,0
BRDA:225,17,1,0
BRF:36
BRH:0
end_of_record
TN:
SF:src/state/rootStore.example.ts
FN:16,(anonymous_0)
FN:18,(anonymous_1)
FN:22,(anonymous_2)
FNF:3
FNH:0
FNDA:0,(anonymous_0)
FNDA:0,(anonymous_1)
FNDA:0,(anonymous_2)
DA:14,0
DA:16,0
DA:18,0
DA:22,0
LF:4
LH:0
BRF:0
BRH:0
end_of_record
TN:
SF:src/state/store.ts
FN:100,(anonymous_0)
FN:116,(anonymous_1)
FN:117,(anonymous_2)
FN:118,(anonymous_3)
FN:119,(anonymous_4)
FN:120,(anonymous_5)
FN:123,(anonymous_6)
FN:124,(anonymous_7)
FN:126,(anonymous_8)
FN:149,(anonymous_9)
FN:156,(anonymous_10)
FN:157,(anonymous_11)
FN:159,(anonymous_12)
FN:160,(anonymous_13)
FN:163,(anonymous_14)
FN:175,(anonymous_15)
FN:176,(anonymous_16)
FN:190,(anonymous_17)
FN:219,(anonymous_18)
FN:223,(anonymous_19)
FN:224,(anonymous_20)
FN:225,(anonymous_21)
FN:228,(anonymous_22)
FN:229,(anonymous_23)
FN:230,(anonymous_24)
FN:240,(anonymous_25)
FN:246,(anonymous_26)
FN:253,(anonymous_27)
FN:261,(anonymous_28)
FN:268,(anonymous_29)
FN:269,(anonymous_30)
FN:270,(anonymous_31)
FN:280,(anonymous_32)
FN:282,(anonymous_33)
FN:283,(anonymous_34)
FN:303,(anonymous_35)
FN:320,(anonymous_36)
FN:322,(anonymous_37)
FN:323,(anonymous_38)
FN:325,(anonymous_39)
FN:330,(anonymous_40)
FN:330,(anonymous_41)
FN:332,(anonymous_42)
FN:335,(anonymous_43)
FN:340,(anonymous_44)
FN:341,(anonymous_45)
FN:342,(anonymous_46)
FN:347,(anonymous_47)
FN:351,(anonymous_48)
FN:352,(anonymous_49)
FN:378,(anonymous_50)
FN:384,(anonymous_51)
FN:385,(anonymous_52)
FN:386,(anonymous_53)
FN:387,(anonymous_54)
FN:388,(anonymous_55)
FN:389,(anonymous_56)
FN:391,(anonymous_57)
FN:392,(anonymous_58)
FN:393,(anonymous_59)
FN:397,(anonymous_60)
FN:397,(anonymous_61)
FN:401,(anonymous_62)
FN:420,(anonymous_63)
FN:425,(anonymous_64)
FN:426,(anonymous_65)
FN:427,(anonymous_66)
FN:430,(anonymous_67)
FN:431,(anonymous_68)
FN:432,(anonymous_69)
FN:434,(anonymous_70)
FN:438,(anonymous_71)
FN:572,(anonymous_72)
FN:577,(anonymous_73)
FN:578,(anonymous_74)
FN:579,(anonymous_75)
FN:584,(anonymous_76)
FN:596,(anonymous_77)
FN:597,(anonymous_78)
FN:601,(anonymous_79)
FN:602,(anonymous_80)
FN:603,(anonymous_81)
FN:606,(anonymous_82)
FN:607,(anonymous_83)
FN:608,(anonymous_84)
FN:611,(anonymous_85)
FN:611,(anonymous_86)
FN:615,(anonymous_87)
FN:644,(anonymous_88)
FN:649,(anonymous_89)
FN:651,(anonymous_90)
FN:652,(anonymous_91)
FN:655,(anonymous_92)
FN:674,(anonymous_93)
FN:676,(anonymous_94)
FN:677,(anonymous_95)
FN:680,(anonymous_96)
FN:699,(anonymous_97)
FN:701,(anonymous_98)
FN:702,(anonymous_99)
FN:705,(anonymous_100)
FN:724,(anonymous_101)
FN:726,(anonymous_102)
FN:727,(anonymous_103)
FN:730,(anonymous_104)
FN:740,(anonymous_105)
FN:742,(anonymous_106)
FN:745,(anonymous_107)
FN:747,(anonymous_108)
FN:755,(anonymous_109)
FNF:110
FNH:13
FNDA:1,(anonymous_0)
FNDA:0,(anonymous_1)
FNDA:0,(anonymous_2)
FNDA:0,(anonymous_3)
FNDA:0,(anonymous_4)
FNDA:0,(anonymous_5)
FNDA:0,(anonymous_6)
FNDA:0,(anonymous_7)
FNDA:0,(anonymous_8)
FNDA:0,(anonymous_9)
FNDA:0,(anonymous_10)
FNDA:0,(anonymous_11)
FNDA:0,(anonymous_12)
FNDA:0,(anonymous_13)
FNDA:0,(anonymous_14)
FNDA:1,(anonymous_15)
FNDA:0,(anonymous_16)
FNDA:0,(anonymous_17)
FNDA:1,(anonymous_18)
FNDA:0,(anonymous_19)
FNDA:0,(anonymous_20)
FNDA:0,(anonymous_21)
FNDA:0,(anonymous_22)
FNDA:0,(anonymous_23)
FNDA:0,(anonymous_24)
FNDA:0,(anonymous_25)
FNDA:1,(anonymous_26)
FNDA:0,(anonymous_27)
FNDA:0,(anonymous_28)
FNDA:0,(anonymous_29)
FNDA:0,(anonymous_30)
FNDA:0,(anonymous_31)
FNDA:0,(anonymous_32)
FNDA:0,(anonymous_33)
FNDA:0,(anonymous_34)
FNDA:0,(anonymous_35)
FNDA:0,(anonymous_36)
FNDA:0,(anonymous_37)
FNDA:0,(anonymous_38)
FNDA:0,(anonymous_39)
FNDA:0,(anonymous_40)
FNDA:0,(anonymous_41)
FNDA:0,(anonymous_42)
FNDA:0,(anonymous_43)
FNDA:0,(anonymous_44)
FNDA:0,(anonymous_45)
FNDA:0,(anonymous_46)
FNDA:0,(anonymous_47)
FNDA:1,(anonymous_48)
FNDA:0,(anonymous_49)
FNDA:1,(anonymous_50)
FNDA:0,(anonymous_51)
FNDA:0,(anonymous_52)
FNDA:0,(anonymous_53)
FNDA:0,(anonymous_54)
FNDA:0,(anonymous_55)
FNDA:0,(anonymous_56)
FNDA:0,(anonymous_57)
FNDA:0,(anonymous_58)
FNDA:0,(anonymous_59)
FNDA:0,(anonymous_60)
FNDA:0,(anonymous_61)
FNDA:1,(anonymous_62)
FNDA:1,(anonymous_63)
FNDA:0,(anonymous_64)
FNDA:0,(anonymous_65)
FNDA:0,(anonymous_66)
FNDA:0,(anonymous_67)
FNDA:0,(anonymous_68)
FNDA:0,(anonymous_69)
FNDA:0,(anonymous_70)
FNDA:1,(anonymous_71)
FNDA:1,(anonymous_72)
FNDA:0,(anonymous_73)
FNDA:0,(anonymous_74)
FNDA:0,(anonymous_75)
FNDA:0,(anonymous_76)
FNDA:0,(anonymous_77)
FNDA:0,(anonymous_78)
FNDA:0,(anonymous_79)
FNDA:0,(anonymous_80)
FNDA:0,(anonymous_81)
FNDA:0,(anonymous_82)
FNDA:0,(anonymous_83)
FNDA:0,(anonymous_84)
FNDA:0,(anonymous_85)
FNDA:0,(anonymous_86)
FNDA:1,(anonymous_87)
FNDA:1,(anonymous_88)
FNDA:0,(anonymous_89)
FNDA:0,(anonymous_90)
FNDA:0,(anonymous_91)
FNDA:0,(anonymous_92)
FNDA:0,(anonymous_93)
FNDA:0,(anonymous_94)
FNDA:0,(anonymous_95)
FNDA:0,(anonymous_96)
FNDA:0,(anonymous_97)
FNDA:0,(anonymous_98)
FNDA:0,(anonymous_99)
FNDA:0,(anonymous_100)
FNDA:0,(anonymous_101)
FNDA:0,(anonymous_102)
FNDA:0,(anonymous_103)
FNDA:0,(anonymous_104)
FNDA:0,(anonymous_105)
FNDA:0,(anonymous_106)
FNDA:0,(anonymous_107)
FNDA:0,(anonymous_108)
FNDA:1,(anonymous_109)
DA:98,1
DA:100,1
DA:116,0
DA:117,0
DA:118,0
DA:120,0
DA:123,0
DA:124,0
DA:127,0
DA:128,0
DA:129,0
DA:133,0
DA:134,0
DA:135,0
DA:137,0
DA:138,0
DA:143,0
DA:144,0
DA:149,0
DA:156,0
DA:157,0
DA:160,0
DA:164,0
DA:175,1
DA:176,0
DA:189,1
DA:190,1
DA:191,0
DA:192,0
DA:193,0
DA:194,0
DA:196,0
DA:199,0
DA:200,0
DA:201,0
DA:202,0
DA:205,0
DA:210,0
DA:215,1
DA:219,1
DA:223,0
DA:225,0
DA:229,0
DA:231,0
DA:240,0
DA:244,1
DA:246,1
DA:254,0
DA:261,0
DA:265,0
DA:269,0
DA:270,0
DA:271,0
DA:280,0
DA:283,0
DA:284,0
DA:287,0
DA:288,0
DA:295,0
DA:302,0
DA:304,0
DA:320,0
DA:323,0
DA:325,0
DA:330,0
DA:333,0
DA:334,0
DA:335,0
DA:337,0
DA:341,0
DA:343,0
DA:347,0
DA:351,1
DA:352,0
DA:376,1
DA:378,1
DA:384,0
DA:385,0
DA:386,0
DA:388,0
DA:389,0
DA:392,0
DA:394,0
DA:397,0
DA:401,1
DA:418,1
DA:420,1
DA:425,0
DA:427,0
DA:431,0
DA:432,0
DA:434,0
DA:438,1
DA:471,1
DA:570,1
DA:572,1
DA:578,0
DA:580,0
DA:581,0
DA:582,0
DA:584,0
DA:585,0
DA:586,0
DA:597,0
DA:602,0
DA:603,0
DA:607,0
DA:608,0
DA:611,0
DA:615,1
DA:642,1
DA:644,1
DA:650,0
DA:651,0
DA:652,0
DA:653,0
DA:654,0
DA:656,0
DA:661,0
DA:667,0
DA:675,0
DA:676,0
DA:677,0
DA:678,0
DA:679,0
DA:681,0
DA:686,0
DA:692,0
DA:700,0
DA:701,0
DA:702,0
DA:703,0
DA:704,0
DA:706,0
DA:711,0
DA:717,0
DA:725,0
DA:726,0
DA:727,0
DA:728,0
DA:729,0
DA:731,0
DA:736,0
DA:741,0
DA:742,0
DA:746,0
DA:747,0
DA:748,0
DA:755,1
LF:149
LH:23
BRDA:121,0,0,0
BRDA:121,0,1,0
BRDA:129,1,0,0
BRDA:129,1,1,0
BRDA:133,2,0,0
BRDA:133,2,1,0
BRDA:137,3,0,0
BRDA:137,3,1,0
BRDA:143,4,0,0
BRDA:143,4,1,0
BRDA:192,5,0,0
BRDA:192,5,1,0
BRDA:206,6,0,0
BRDA:206,6,1,0
BRDA:231,7,0,0
BRDA:231,7,1,0
BRDA:235,8,0,0
BRDA:235,8,1,0
BRDA:274,9,0,0
BRDA:274,9,1,0
BRDA:275,10,0,0
BRDA:275,10,1,0
BRDA:287,11,0,0
BRDA:287,11,1,0
BRDA:290,12,0,0
BRDA:290,12,1,0
BRDA:304,13,0,0
BRDA:304,13,1,0
BRDA:311,14,0,0
BRDA:311,14,1,0
BRDA:311,15,0,0
BRDA:311,15,1,0
BRDA:312,16,0,0
BRDA:312,16,1,0
BRDA:337,17,0,0
BRDA:337,17,1,0
BRDA:343,18,0,0
BRDA:343,18,1,0
BRDA:394,19,0,0
BRDA:394,19,1,0
BRDA:580,20,0,0
BRDA:580,20,1,0
BRDA:582,21,0,0
BRDA:582,21,1,0
BRDA:585,22,0,0
BRDA:585,22,1,0
BRDA:653,23,0,0
BRDA:653,23,1,0
BRDA:656,24,0,0
BRDA:656,24,1,0
BRDA:678,25,0,0
BRDA:678,25,1,0
BRDA:681,26,0,0
BRDA:681,26,1,0
BRDA:703,27,0,0
BRDA:703,27,1,0
BRDA:706,28,0,0
BRDA:706,28,1,0
BRDA:728,29,0,0
BRDA:728,29,1,0
BRDA:731,30,0,0
BRDA:731,30,1,0
BRDA:742,31,0,0
BRDA:742,31,1,0
BRDA:748,32,0,0
BRDA:748,32,1,0
BRDA:749,33,0,0
BRDA:749,33,1,0
BRDA:749,33,2,0
BRF:69
BRH:0
end_of_record
TN:
SF:src/theme/tokens.ts
FN:516,(anonymous_0)
FN:930,(anonymous_1)
FN:952,(anonymous_2)
FNF:3
FNH:0
FNDA:0,(anonymous_0)
FNDA:0,(anonymous_1)
FNDA:0,(anonymous_2)
DA:26,1
DA:108,1
DA:223,1
DA:262,1
DA:294,1
DA:329,1
DA:347,1
DA:390,1
DA:444,1
DA:463,1
DA:479,1
DA:516,0
DA:537,1
DA:597,1
DA:622,1
DA:646,1
DA:657,1
DA:739,1
DA:755,1
DA:769,1
DA:782,1
DA:877,1
DA:898,1
DA:913,1
DA:930,1
DA:952,1
DA:953,0
DA:962,1
DA:1017,1
DA:1054,1
DA:1055,1
DA:1056,1
DA:1057,1
DA:1058,1
DA:1064,1
LF:35
LH:33
BRDA:953,0,0,0
BRDA:953,0,1,0
BRF:2
BRH:0
end_of_record
TN:
SF:src/theme/presets/calmFemtech.ts
FN:370,(anonymous_0)
FNF:1
FNH:0
FNDA:0,(anonymous_0)
DA:17,1
DA:92,1
DA:124,1
DA:159,1
DA:194,1
DA:215,1
DA:310,1
DA:347,1
DA:370,1
LF:9
LH:9
BRF:0
BRH:0
end_of_record
TN:
SF:src/types/ai.ts
FNF:0
FNH:0
LF:0
LH:0
BRF:0
BRH:0
end_of_record
TN:
SF:src/types/database.types.ts
FNF:0
FNH:0
LF:0
LH:0
BRF:0
BRH:0
end_of_record
TN:
SF:src/types/icons.ts
FN:19,isIconName
FN:29,getIconName
FNF:2
FNH:0
FNDA:0,isIconName
FNDA:0,getIconName
DA:20,0
DA:30,0
LF:2
LH:0
BRDA:29,0,0,0
BRDA:30,1,0,0
BRDA:30,1,1,0
BRF:3
BRH:0
end_of_record
TN:
SF:src/types/nath-journey-onboarding.types.ts
FNF:0
FNH:0
LF:0
LH:0
BRF:0
BRH:0
end_of_record
TN:
SF:src/types/nathia-onboarding.ts
FNF:0
FNH:0
DA:57,0
DA:88,0
DA:119,0
DA:140,0
DA:150,0
DA:161,0
DA:170,0
DA:181,0
DA:195,0
DA:206,0
DA:217,0
DA:239,0
LF:12
LH:0
BRF:0
BRH:0
end_of_record
TN:
SF:src/types/navigation.ts
FNF:0
FNH:0
LF:0
LH:0
BRF:0
BRH:0
end_of_record
TN:
SF:src/types/premium.ts
FNF:0
FNH:0
DA:109,0
DA:115,0
DA:120,0
DA:153,0
LF:4
LH:0
BRF:0
BRH:0
end_of_record
TN:
SF:src/utils/accessibility.ts
FN:22,createAccessibilityProps
FN:53,buttonAccessibility
FN:65,textAccessibility
FN:75,imageAccessibility
FNF:4
FNH:0
FNDA:0,createAccessibilityProps
FNDA:0,buttonAccessibility
FNDA:0,textAccessibility
FNDA:0,imageAccessibility
DA:23,0
DA:25,0
DA:31,0
DA:32,0
DA:35,0
DA:36,0
DA:37,0
DA:39,0
DA:40,0
DA:42,0
DA:43,0
DA:47,0
DA:54,0
DA:66,0
DA:76,0
DA:81,0
DA:82,0
DA:84,0
LF:18
LH:0
BRDA:23,0,0,0
BRDA:31,1,0,0
BRDA:31,1,1,0
BRDA:35,2,0,0
BRDA:35,2,1,0
BRDA:36,3,0,0
BRDA:36,3,1,0
BRDA:39,4,0,0
BRDA:39,4,1,0
BRDA:42,5,0,0
BRDA:42,5,1,0
BRDA:65,6,0,0
BRDA:81,7,0,0
BRDA:81,7,1,0
BRF:14
BRH:0
end_of_record
TN:
SF:src/utils/animations.ts
FN:203,(anonymous_0)
FN:212,(anonymous_1)
FNF:2
FNH:0
FNDA:0,(anonymous_0)
FNDA:0,(anonymous_1)
DA:47,1
DA:91,1
DA:136,1
DA:153,1
DA:177,1
DA:203,1
DA:204,0
DA:212,1
DA:213,0
DA:226,1
DA:253,1
LF:11
LH:9
BRDA:212,0,0,0
BRF:1
BRH:0
end_of_record
TN:
SF:src/utils/cn.ts
FN:4,cn
FNF:1
FNH:1
FNDA:26,cn
DA:5,26
LF:1
LH:1
BRF:0
BRH:0
end_of_record
TN:
SF:src/utils/colors.ts
FN:295,(anonymous_0)
FN:300,(anonymous_1)
FNF:2
FNH:0
FNDA:0,(anonymous_0)
FNDA:0,(anonymous_1)
DA:20,0
DA:163,0
DA:295,0
DA:296,0
DA:300,0
DA:301,0
DA:305,0
DA:306,0
DA:307,0
DA:308,0
DA:309,0
DA:310,0
LF:12
LH:0
BRF:0
BRH:0
end_of_record
TN:
SF:src/utils/dimensions.ts
FN:9,(anonymous_0)
FN:19,(anonymous_1)
FN:31,(anonymous_2)
FN:38,(anonymous_3)
FN:45,(anonymous_4)
FN:52,(anonymous_5)
FN:61,(anonymous_6)
FN:76,useDimensions
FN:84,useWp
FN:92,useHp
FN:100,useFs
FN:109,useContainerPadding
FN:119,useCardSpacing
FNF:13
FNH:0
FNDA:0,(anonymous_0)
FNDA:0,(anonymous_1)
FNDA:0,(anonymous_2)
FNDA:0,(anonymous_3)
FNDA:0,(anonymous_4)
FNDA:0,(anonymous_5)
FNDA:0,(anonymous_6)
FNDA:0,useDimensions
FNDA:0,useWp
FNDA:0,useHp
FNDA:0,useFs
FNDA:0,useContainerPadding
FNDA:0,useCardSpacing
DA:4,0
DA:5,0
DA:8,0
DA:9,0
DA:10,0
DA:11,0
DA:12,0
DA:16,0
DA:19,0
DA:21,0
DA:26,0
DA:31,0
DA:32,0
DA:38,0
DA:39,0
DA:45,0
DA:46,0
DA:52,0
DA:53,0
DA:54,0
DA:55,0
DA:61,0
DA:62,0
DA:63,0
DA:77,0
DA:78,0
DA:85,0
DA:86,0
DA:93,0
DA:94,0
DA:101,0
DA:102,0
DA:103,0
DA:110,0
DA:111,0
DA:112,0
DA:113,0
DA:120,0
DA:121,0
DA:122,0
LF:40
LH:0
BRDA:8,0,0,0
BRDA:8,0,1,0
BRDA:8,1,0,0
BRDA:8,1,1,0
BRDA:53,2,0,0
BRDA:53,2,1,0
BRDA:54,3,0,0
BRDA:54,3,1,0
BRDA:62,4,0,0
BRDA:62,4,1,0
BRDA:111,5,0,0
BRDA:111,5,1,0
BRDA:112,6,0,0
BRDA:112,6,1,0
BRDA:121,7,0,0
BRDA:121,7,1,0
BRF:16
BRH:0
end_of_record
TN:
SF:src/utils/error-handler.ts
FN:14,(anonymous_0)
FN:41,(anonymous_1)
FN:133,wrapError
FN:168,detectErrorCode
FN:216,isAppError
FN:223,isError
FNF:6
FNH:0
FNDA:0,(anonymous_0)
FNDA:0,(anonymous_1)
FNDA:0,wrapError
FNDA:0,detectErrorCode
FNDA:0,isAppError
FNDA:0,isError
DA:21,0
DA:22,0
DA:25,0
DA:26,0
DA:30,0
DA:31,0
DA:35,0
DA:42,0
DA:97,0
DA:140,0
DA:141,0
DA:142,0
DA:144,0
DA:149,0
DA:151,0
DA:160,0
DA:162,0
DA:169,0
DA:172,0
DA:177,0
DA:180,0
DA:181,0
DA:185,0
DA:186,0
DA:189,0
DA:190,0
DA:193,0
DA:194,0
DA:197,0
DA:198,0
DA:202,0
DA:203,0
DA:206,0
DA:207,0
DA:210,0
DA:217,0
DA:224,0
LF:37
LH:0
BRDA:25,0,0,0
BRDA:25,0,1,0
BRDA:30,1,0,0
BRDA:30,1,1,0
BRDA:140,2,0,0
BRDA:140,2,1,0
BRDA:141,3,0,0
BRDA:141,3,1,0
BRDA:149,4,0,0
BRDA:149,4,1,0
BRDA:154,5,0,0
BRDA:154,5,1,0
BRDA:172,6,0,0
BRDA:172,6,1,0
BRDA:173,7,0,0
BRDA:173,7,1,0
BRDA:173,7,2,0
BRDA:180,8,0,0
BRDA:180,8,1,0
BRDA:185,9,0,0
BRDA:185,9,1,0
BRDA:189,10,0,0
BRDA:189,10,1,0
BRDA:193,11,0,0
BRDA:193,11,1,0
BRDA:197,12,0,0
BRDA:197,12,1,0
BRDA:202,13,0,0
BRDA:202,13,1,0
BRDA:206,14,0,0
BRDA:206,14,1,0
BRF:31
BRH:0
end_of_record
TN:
SF:src/utils/expo.ts
FN:3,isExpoGo
FNF:1
FNH:0
FNDA:0,isExpoGo
DA:4,0
LF:1
LH:0
BRDA:5,0,0,0
BRDA:5,0,1,0
BRF:2
BRH:0
end_of_record
TN:
SF:src/utils/fetch-utils.ts
FN:28,fetchWithTimeout
FN:39,(anonymous_1)
FN:51,(anonymous_2)
FN:120,fetchWithRetry
FN:128,(anonymous_4)
FN:140,(anonymous_5)
FN:163,jsonFetch
FN:184,blobFetch
FNF:8
FNH:0
FNDA:0,fetchWithTimeout
FNDA:0,(anonymous_1)
FNDA:0,(anonymous_2)
FNDA:0,fetchWithRetry
FNDA:0,(anonymous_4)
FNDA:0,(anonymous_5)
FNDA:0,jsonFetch
FNDA:0,blobFetch
DA:17,0
DA:36,0
DA:38,0
DA:39,0
DA:41,0
DA:42,0
DA:47,0
DA:50,0
DA:51,0
DA:52,0
DA:56,0
DA:71,0
DA:73,0
DA:76,0
DA:77,0
DA:89,0
DA:90,0
DA:102,0
DA:103,0
DA:107,0
DA:125,0
DA:127,0
DA:129,0
DA:141,0
DA:143,0
DA:144,0
DA:145,0
DA:148,0
DA:154,0
DA:168,0
DA:170,0
DA:171,0
DA:172,0
DA:174,0
DA:189,0
DA:191,0
DA:192,0
DA:194,0
LF:38
LH:0
BRDA:30,0,0,0
BRDA:33,1,0,0
BRDA:34,2,0,0
BRDA:50,3,0,0
BRDA:50,3,1,0
BRDA:76,4,0,0
BRDA:76,4,1,0
BRDA:76,5,0,0
BRDA:76,5,1,0
BRDA:89,6,0,0
BRDA:89,6,1,0
BRDA:89,7,0,0
BRDA:89,7,1,0
BRDA:102,8,0,0
BRDA:102,8,1,0
BRDA:122,9,0,0
BRDA:125,10,0,0
BRDA:125,11,0,0
BRDA:141,12,0,0
BRDA:141,12,1,0
BRDA:143,13,0,0
BRDA:143,13,1,0
BRDA:144,14,0,0
BRDA:144,14,1,0
BRDA:145,15,0,0
BRDA:145,15,1,0
BRDA:149,16,0,0
BRDA:149,16,1,0
BRDA:165,17,0,0
BRDA:186,18,0,0
BRF:30
BRH:0
end_of_record
TN:
SF:src/utils/formatters.ts
FN:10,formatTimeAgo
FN:35,formatCompactNumber
FN:44,truncateText
FNF:3
FNH:0
FNDA:0,formatTimeAgo
FNDA:0,formatCompactNumber
FNDA:0,truncateText
DA:11,0
DA:12,0
DA:13,0
DA:14,0
DA:15,0
DA:16,0
DA:17,0
DA:19,0
DA:20,0
DA:21,0
DA:22,0
DA:23,0
DA:24,0
DA:25,0
DA:26,0
DA:27,0
DA:28,0
DA:29,0
DA:36,0
DA:37,0
DA:38,0
DA:45,0
DA:46,0
LF:23
LH:0
BRDA:19,0,0,0
BRDA:19,0,1,0
BRDA:20,1,0,0
BRDA:20,1,1,0
BRDA:21,2,0,0
BRDA:21,2,1,0
BRDA:22,3,0,0
BRDA:22,3,1,0
BRDA:23,4,0,0
BRDA:23,4,1,0
BRDA:24,5,0,0
BRDA:24,5,1,0
BRDA:25,6,0,0
BRDA:25,6,1,0
BRDA:26,7,0,0
BRDA:26,7,1,0
BRDA:27,8,0,0
BRDA:27,8,1,0
BRDA:28,9,0,0
BRDA:28,9,1,0
BRDA:36,10,0,0
BRDA:36,10,1,0
BRDA:37,11,0,0
BRDA:37,11,1,0
BRDA:45,12,0,0
BRDA:45,12,1,0
BRF:26
BRH:0
end_of_record
TN:
SF:src/utils/haptics.ts
FN:35,(anonymous_0)
FN:52,(anonymous_1)
FN:52,(anonymous_2)
FN:58,(anonymous_3)
FN:58,(anonymous_4)
FN:64,(anonymous_5)
FN:64,(anonymous_6)
FN:70,(anonymous_7)
FN:70,(anonymous_8)
FN:76,(anonymous_9)
FN:77,(anonymous_10)
FN:83,(anonymous_11)
FN:84,(anonymous_12)
FN:90,(anonymous_13)
FN:91,(anonymous_14)
FN:97,(anonymous_15)
FN:97,(anonymous_16)
FN:103,(anonymous_17)
FN:103,(anonymous_18)
FN:116,(anonymous_19)
FN:117,(anonymous_20)
FN:118,(anonymous_21)
FN:119,(anonymous_22)
FN:120,(anonymous_23)
FN:121,(anonymous_24)
FN:122,(anonymous_25)
FN:123,(anonymous_26)
FN:124,(anonymous_27)
FNF:28
FNH:0
FNDA:0,(anonymous_0)
FNDA:0,(anonymous_1)
FNDA:0,(anonymous_2)
FNDA:0,(anonymous_3)
FNDA:0,(anonymous_4)
FNDA:0,(anonymous_5)
FNDA:0,(anonymous_6)
FNDA:0,(anonymous_7)
FNDA:0,(anonymous_8)
FNDA:0,(anonymous_9)
FNDA:0,(anonymous_10)
FNDA:0,(anonymous_11)
FNDA:0,(anonymous_12)
FNDA:0,(anonymous_13)
FNDA:0,(anonymous_14)
FNDA:0,(anonymous_15)
FNDA:0,(anonymous_16)
FNDA:0,(anonymous_17)
FNDA:0,(anonymous_18)
FNDA:0,(anonymous_19)
FNDA:0,(anonymous_20)
FNDA:0,(anonymous_21)
FNDA:0,(anonymous_22)
FNDA:0,(anonymous_23)
FNDA:0,(anonymous_24)
FNDA:0,(anonymous_25)
FNDA:0,(anonymous_26)
FNDA:0,(anonymous_27)
DA:30,1
DA:35,1
DA:36,0
DA:37,0
DA:38,0
DA:47,1
DA:52,0
DA:58,0
DA:64,0
DA:70,0
DA:77,0
DA:84,0
DA:91,0
DA:97,0
DA:103,0
DA:115,1
DA:116,0
DA:117,0
DA:118,0
DA:119,0
DA:120,0
DA:121,0
DA:122,0
DA:123,0
DA:124,0
LF:25
LH:4
BRDA:36,0,0,0
BRDA:36,0,1,0
BRF:2
BRH:0
end_of_record
TN:
SF:src/utils/logger.ts
FN:22,(anonymous_0)
FN:27,(anonymous_1)
FN:34,(anonymous_2)
FN:77,(anonymous_3)
FN:81,(anonymous_4)
FN:85,(anonymous_5)
FN:94,(anonymous_6)
FN:100,(anonymous_7)
FN:104,(anonymous_8)
FNF:9
FNH:7
FNDA:113,(anonymous_0)
FNDA:113,(anonymous_1)
FNDA:113,(anonymous_2)
FNDA:112,(anonymous_3)
FNDA:0,(anonymous_4)
FNDA:1,(anonymous_5)
FNDA:0,(anonymous_6)
FNDA:3,(anonymous_7)
FNDA:3,(anonymous_8)
DA:18,2
DA:19,2
DA:20,2
DA:23,113
DA:24,113
DA:28,113
DA:29,113
DA:30,10
DA:41,113
DA:50,113
DA:53,113
DA:54,113
DA:56,113
DA:59,112
DA:60,112
DA:62,0
DA:63,0
DA:65,1
DA:66,1
DA:69,0
DA:70,0
DA:78,112
DA:82,0
DA:91,1
DA:95,0
DA:96,0
DA:101,3
DA:105,3
DA:110,2
LF:29
LH:22
BRDA:23,0,0,3
BRDA:23,0,1,110
BRDA:29,1,0,10
BRDA:29,1,1,103
BRDA:53,2,0,113
BRDA:53,2,1,0
BRDA:56,3,0,112
BRDA:56,3,1,0
BRDA:56,3,2,1
BRDA:56,3,3,0
BRDA:59,4,0,112
BRDA:59,4,1,112
BRDA:62,5,0,0
BRDA:62,5,1,0
BRDA:65,6,0,1
BRDA:65,6,1,0
BRDA:65,7,0,1
BRDA:65,7,1,0
BRDA:69,8,0,0
BRDA:69,8,1,0
BRDA:95,9,0,0
BRDA:95,9,1,0
BRF:22
BRH:11
end_of_record
TN:
SF:src/utils/reset-onboarding.ts
FN:9,resetAllOnboarding
FNF:1
FNH:0
FNDA:0,resetAllOnboarding
DA:10,0
DA:12,0
DA:15,0
DA:17,0
DA:19,0
LF:5
LH:0
BRDA:19,0,0,0
BRDA:19,0,1,0
BRF:2
BRH:0
end_of_record
TN:
SF:src/utils/retry.ts
FN:23,(anonymous_0)
FN:30,withRetry
FN:72,(anonymous_2)
FN:92,retryNetworkRequest
FN:98,(anonymous_4)
FNF:5
FNH:0
FNDA:0,(anonymous_0)
FNDA:0,withRetry
FNDA:0,(anonymous_2)
FNDA:0,retryNetworkRequest
FNDA:0,(anonymous_4)
DA:18,0
DA:23,0
DA:34,0
DA:35,0
DA:38,0
DA:39,0
DA:40,0
DA:42,0
DA:45,0
DA:46,0
DA:53,0
DA:57,0
DA:58,0
DA:63,0
DA:72,0
DA:78,0
DA:79,0
DA:86,0
DA:96,0
DA:100,0
DA:101,0
DA:102,0
DA:109,0
LF:23
LH:0
BRDA:32,0,0,0
BRDA:35,1,0,0
BRDA:35,1,1,0
BRDA:45,2,0,0
BRDA:45,2,1,0
BRDA:50,3,0,0
BRDA:50,3,1,0
BRDA:57,4,0,0
BRDA:57,4,1,0
BRDA:67,5,0,0
BRDA:67,5,1,0
BRDA:78,6,0,0
BRDA:78,6,1,0
BRDA:100,7,0,0
BRDA:100,7,1,0
BRDA:103,8,0,0
BRDA:103,8,1,0
BRDA:103,8,2,0
BRDA:103,8,3,0
BRF:19
BRH:0
end_of_record
TN:
SF:src/utils/shadow.ts
FN:14,shadowToBoxShadow
FN:32,createShadow
FN:96,(anonymous_2)
FNF:3
FNH:0
FNDA:0,shadowToBoxShadow
FNDA:0,createShadow
FNDA:0,(anonymous_2)
DA:20,0
DA:21,0
DA:22,0
DA:23,0
DA:24,0
DA:39,0
DA:41,0
DA:43,0
DA:48,0
DA:49,0
DA:58,0
DA:66,0
DA:97,0
LF:13
LH:0
BRDA:32,0,0,0
BRDA:34,1,0,0
BRDA:35,2,0,0
BRDA:36,3,0,0
BRDA:37,4,0,0
BRDA:38,5,0,0
BRDA:41,6,0,0
BRDA:41,6,1,0
BRDA:48,7,0,0
BRDA:48,7,1,0
BRDA:96,8,0,0
BRF:11
BRH:0
end_of_record
